<?xml version="1.0" encoding="UTF-8"?>
<testsuite xmlns:xsi="http://www.w3.org/2001/XMLSchema-instance" xsi:noNamespaceSchemaLocation="https://maven.apache.org/surefire/maven-surefire-plugin/xsd/surefire-test-report-3.0.xsd" version="3.0" name="TestSuite" time="1.322" tests="8" errors="0" skipped="6" failures="2">
  <properties>
    <property name="java.specification.version" value="17"/>
    <property name="webdriver.chrome.driver" value="C:\Users\Phillip\Downloads\chromedriver.exe"/>
    <property name="sun.cpu.isalist" value="amd64"/>
    <property name="sun.jnu.encoding" value="MS949"/>
    <property name="java.class.path" value="C:\Users\Phillip\eclipse-workspace\secondBlock\target\test-classes;C:\Users\Phillip\eclipse-workspace\secondBlock\target\classes;C:\Users\Phillip\eclipse-workspace\MavenRepository\org\slf4j\slf4j-api\2.0.0-alpha6\slf4j-api-2.0.0-alpha6.jar;C:\Users\Phillip\eclipse-workspace\MavenRepository\org\reactivestreams\reactive-streams\1.0.3\reactive-streams-1.0.3.jar;C:\Users\Phillip\eclipse-workspace\MavenRepository\org\testng\testng\7.4.0\testng-7.4.0.jar;C:\Users\Phillip\eclipse-workspace\MavenRepository\com\beust\jcommander\1.78\jcommander-1.78.jar;C:\Users\Phillip\eclipse-workspace\MavenRepository\org\webjars\jquery\3.5.1\jquery-3.5.1.jar;C:\Users\Phillip\eclipse-workspace\MavenRepository\org\seleniumhq\selenium\selenium-chrome-driver\4.1.2\selenium-chrome-driver-4.1.2.jar;C:\Users\Phillip\eclipse-workspace\MavenRepository\com\google\auto\service\auto-service-annotations\1.0.1\auto-service-annotations-1.0.1.jar;C:\Users\Phillip\eclipse-workspace\MavenRepository\com\google\auto\service\auto-service\1.0.1\auto-service-1.0.1.jar;C:\Users\Phillip\eclipse-workspace\MavenRepository\com\google\auto\auto-common\1.2\auto-common-1.2.jar;C:\Users\Phillip\eclipse-workspace\MavenRepository\com\google\guava\guava\31.0.1-jre\guava-31.0.1-jre.jar;C:\Users\Phillip\eclipse-workspace\MavenRepository\com\google\guava\failureaccess\1.0.1\failureaccess-1.0.1.jar;C:\Users\Phillip\eclipse-workspace\MavenRepository\com\google\guava\listenablefuture\9999.0-empty-to-avoid-conflict-with-guava\listenablefuture-9999.0-empty-to-avoid-conflict-with-guava.jar;C:\Users\Phillip\eclipse-workspace\MavenRepository\com\google\code\findbugs\jsr305\3.0.2\jsr305-3.0.2.jar;C:\Users\Phillip\eclipse-workspace\MavenRepository\org\checkerframework\checker-qual\3.12.0\checker-qual-3.12.0.jar;C:\Users\Phillip\eclipse-workspace\MavenRepository\com\google\errorprone\error_prone_annotations\2.7.1\error_prone_annotations-2.7.1.jar;C:\Users\Phillip\eclipse-workspace\MavenRepository\com\google\j2objc\j2objc-annotations\1.3\j2objc-annotations-1.3.jar;C:\Users\Phillip\eclipse-workspace\MavenRepository\org\seleniumhq\selenium\selenium-chromium-driver\4.1.2\selenium-chromium-driver-4.1.2.jar;C:\Users\Phillip\eclipse-workspace\MavenRepository\org\seleniumhq\selenium\selenium-json\4.1.2\selenium-json-4.1.2.jar;C:\Users\Phillip\eclipse-workspace\MavenRepository\org\seleniumhq\selenium\selenium-remote-driver\4.1.2\selenium-remote-driver-4.1.2.jar;C:\Users\Phillip\eclipse-workspace\MavenRepository\io\netty\netty-buffer\4.1.73.Final\netty-buffer-4.1.73.Final.jar;C:\Users\Phillip\eclipse-workspace\MavenRepository\io\netty\netty-codec-http\4.1.73.Final\netty-codec-http-4.1.73.Final.jar;C:\Users\Phillip\eclipse-workspace\MavenRepository\io\netty\netty-codec\4.1.73.Final\netty-codec-4.1.73.Final.jar;C:\Users\Phillip\eclipse-workspace\MavenRepository\io\netty\netty-handler\4.1.73.Final\netty-handler-4.1.73.Final.jar;C:\Users\Phillip\eclipse-workspace\MavenRepository\io\netty\netty-tcnative-classes\2.0.46.Final\netty-tcnative-classes-2.0.46.Final.jar;C:\Users\Phillip\eclipse-workspace\MavenRepository\io\netty\netty-common\4.1.73.Final\netty-common-4.1.73.Final.jar;C:\Users\Phillip\eclipse-workspace\MavenRepository\io\netty\netty-transport-classes-epoll\4.1.73.Final\netty-transport-classes-epoll-4.1.73.Final.jar;C:\Users\Phillip\eclipse-workspace\MavenRepository\io\netty\netty-transport-classes-kqueue\4.1.73.Final\netty-transport-classes-kqueue-4.1.73.Final.jar;C:\Users\Phillip\eclipse-workspace\MavenRepository\io\netty\netty-transport-native-epoll\4.1.73.Final\netty-transport-native-epoll-4.1.73.Final.jar;C:\Users\Phillip\eclipse-workspace\MavenRepository\io\netty\netty-transport-native-kqueue\4.1.73.Final\netty-transport-native-kqueue-4.1.73.Final.jar;C:\Users\Phillip\eclipse-workspace\MavenRepository\io\netty\netty-transport-native-unix-common\4.1.73.Final\netty-transport-native-unix-common-4.1.73.Final.jar;C:\Users\Phillip\eclipse-workspace\MavenRepository\io\netty\netty-transport\4.1.73.Final\netty-transport-4.1.73.Final.jar;C:\Users\Phillip\eclipse-workspace\MavenRepository\io\netty\netty-resolver\4.1.73.Final\netty-resolver-4.1.73.Final.jar;C:\Users\Phillip\eclipse-workspace\MavenRepository\io\opentelemetry\opentelemetry-api\1.10.1\opentelemetry-api-1.10.1.jar;C:\Users\Phillip\eclipse-workspace\MavenRepository\io\opentelemetry\opentelemetry-context\1.10.1\opentelemetry-context-1.10.1.jar;C:\Users\Phillip\eclipse-workspace\MavenRepository\io\opentelemetry\opentelemetry-exporter-logging\1.10.1\opentelemetry-exporter-logging-1.10.1.jar;C:\Users\Phillip\eclipse-workspace\MavenRepository\io\opentelemetry\opentelemetry-sdk-metrics\1.10.1-alpha\opentelemetry-sdk-metrics-1.10.1-alpha.jar;C:\Users\Phillip\eclipse-workspace\MavenRepository\io\opentelemetry\opentelemetry-sdk-logs\1.10.1-alpha\opentelemetry-sdk-logs-1.10.1-alpha.jar;C:\Users\Phillip\eclipse-workspace\MavenRepository\io\opentelemetry\opentelemetry-sdk-common\1.10.1\opentelemetry-sdk-common-1.10.1.jar;C:\Users\Phillip\eclipse-workspace\MavenRepository\io\opentelemetry\opentelemetry-sdk-extension-autoconfigure-spi\1.10.1\opentelemetry-sdk-extension-autoconfigure-spi-1.10.1.jar;C:\Users\Phillip\eclipse-workspace\MavenRepository\io\opentelemetry\opentelemetry-sdk-extension-autoconfigure\1.10.1-alpha\opentelemetry-sdk-extension-autoconfigure-1.10.1-alpha.jar;C:\Users\Phillip\eclipse-workspace\MavenRepository\io\opentelemetry\opentelemetry-sdk-trace\1.10.1\opentelemetry-sdk-trace-1.10.1.jar;C:\Users\Phillip\eclipse-workspace\MavenRepository\io\opentelemetry\opentelemetry-sdk\1.10.1\opentelemetry-sdk-1.10.1.jar;C:\Users\Phillip\eclipse-workspace\MavenRepository\io\opentelemetry\opentelemetry-semconv\1.10.1-alpha\opentelemetry-semconv-1.10.1-alpha.jar;C:\Users\Phillip\eclipse-workspace\MavenRepository\io\ous\jtoml\2.0.0\jtoml-2.0.0.jar;C:\Users\Phillip\eclipse-workspace\MavenRepository\org\apache\commons\commons-exec\1.3\commons-exec-1.3.jar;C:\Users\Phillip\eclipse-workspace\MavenRepository\org\asynchttpclient\async-http-client\2.12.3\async-http-client-2.12.3.jar;C:\Users\Phillip\eclipse-workspace\MavenRepository\org\asynchttpclient\async-http-client-netty-utils\2.12.3\async-http-client-netty-utils-2.12.3.jar;C:\Users\Phillip\eclipse-workspace\MavenRepository\io\netty\netty-codec-socks\4.1.60.Final\netty-codec-socks-4.1.60.Final.jar;C:\Users\Phillip\eclipse-workspace\MavenRepository\io\netty\netty-handler-proxy\4.1.60.Final\netty-handler-proxy-4.1.60.Final.jar;C:\Users\Phillip\eclipse-workspace\MavenRepository\io\netty\netty-transport-native-epoll\4.1.60.Final\netty-transport-native-epoll-4.1.60.Final-linux-x86_64.jar;C:\Users\Phillip\eclipse-workspace\MavenRepository\io\netty\netty-transport-native-kqueue\4.1.60.Final\netty-transport-native-kqueue-4.1.60.Final-osx-x86_64.jar;C:\Users\Phillip\eclipse-workspace\MavenRepository\com\typesafe\netty\netty-reactive-streams\2.0.4\netty-reactive-streams-2.0.4.jar;C:\Users\Phillip\eclipse-workspace\MavenRepository\com\sun\activation\jakarta.activation\1.2.2\jakarta.activation-1.2.2.jar;C:\Users\Phillip\eclipse-workspace\MavenRepository\org\seleniumhq\selenium\selenium-http\4.1.2\selenium-http-4.1.2.jar;C:\Users\Phillip\eclipse-workspace\MavenRepository\net\jodah\failsafe\2.4.4\failsafe-2.4.4.jar;C:\Users\Phillip\eclipse-workspace\MavenRepository\org\seleniumhq\selenium\selenium-java\4.1.2\selenium-java-4.1.2.jar;C:\Users\Phillip\eclipse-workspace\MavenRepository\org\seleniumhq\selenium\selenium-devtools-v85\4.1.2\selenium-devtools-v85-4.1.2.jar;C:\Users\Phillip\eclipse-workspace\MavenRepository\org\seleniumhq\selenium\selenium-devtools-v95\4.1.2\selenium-devtools-v95-4.1.2.jar;C:\Users\Phillip\eclipse-workspace\MavenRepository\org\seleniumhq\selenium\selenium-devtools-v96\4.1.2\selenium-devtools-v96-4.1.2.jar;C:\Users\Phillip\eclipse-workspace\MavenRepository\org\seleniumhq\selenium\selenium-devtools-v97\4.1.2\selenium-devtools-v97-4.1.2.jar;C:\Users\Phillip\eclipse-workspace\MavenRepository\org\seleniumhq\selenium\selenium-edge-driver\4.1.2\selenium-edge-driver-4.1.2.jar;C:\Users\Phillip\eclipse-workspace\MavenRepository\org\seleniumhq\selenium\selenium-firefox-driver\4.1.2\selenium-firefox-driver-4.1.2.jar;C:\Users\Phillip\eclipse-workspace\MavenRepository\org\seleniumhq\selenium\selenium-firefox-xpi-driver\4.1.2\selenium-firefox-xpi-driver-4.1.2.jar;C:\Users\Phillip\eclipse-workspace\MavenRepository\org\seleniumhq\selenium\selenium-ie-driver\4.1.2\selenium-ie-driver-4.1.2.jar;C:\Users\Phillip\eclipse-workspace\MavenRepository\org\seleniumhq\selenium\selenium-opera-driver\4.1.2\selenium-opera-driver-4.1.2.jar;C:\Users\Phillip\eclipse-workspace\MavenRepository\org\seleniumhq\selenium\selenium-safari-driver\4.1.2\selenium-safari-driver-4.1.2.jar;C:\Users\Phillip\eclipse-workspace\MavenRepository\org\seleniumhq\selenium\selenium-api\4.1.2\selenium-api-4.1.2.jar;C:\Users\Phillip\eclipse-workspace\MavenRepository\org\seleniumhq\selenium\selenium-support\4.1.2\selenium-support-4.1.2.jar;C:\Users\Phillip\eclipse-workspace\MavenRepository\net\bytebuddy\byte-buddy\1.12.7\byte-buddy-1.12.7.jar;"/>
    <property name="java.vm.vendor" value="Eclipse Adoptium"/>
    <property name="sun.arch.data.model" value="64"/>
    <property name="user.variant" value=""/>
    <property name="java.vendor.url" value="https://adoptium.net/"/>
    <property name="user.timezone" value="Asia/Seoul"/>
    <property name="os.name" value="Windows 10"/>
    <property name="java.vm.specification.version" value="17"/>
    <property name="sun.java.launcher" value="SUN_STANDARD"/>
    <property name="user.country" value="KR"/>
    <property name="sun.boot.library.path" value="C:\Users\Phillip\.p2\pool\plugins\org.eclipse.justj.openjdk.hotspot.jre.full.win32.x86_64_17.0.2.v20220201-1208\jre\bin"/>
    <property name="sun.java.command" value="C:\Users\Phillip\AppData\Local\Temp\surefire8045211692030669720\surefirebooter1554928386021018460.jar C:\Users\Phillip\AppData\Local\Temp\surefire8045211692030669720 2022-04-01T10-51-17_697-jvmRun1 surefire16045734131527881810tmp surefire_015709772631439737746tmp"/>
    <property name="jdk.debug" value="release"/>
    <property name="surefire.test.class.path" value="C:\Users\Phillip\eclipse-workspace\secondBlock\target\test-classes;C:\Users\Phillip\eclipse-workspace\secondBlock\target\classes;C:\Users\Phillip\eclipse-workspace\MavenRepository\org\slf4j\slf4j-api\2.0.0-alpha6\slf4j-api-2.0.0-alpha6.jar;C:\Users\Phillip\eclipse-workspace\MavenRepository\org\reactivestreams\reactive-streams\1.0.3\reactive-streams-1.0.3.jar;C:\Users\Phillip\eclipse-workspace\MavenRepository\org\testng\testng\7.4.0\testng-7.4.0.jar;C:\Users\Phillip\eclipse-workspace\MavenRepository\com\beust\jcommander\1.78\jcommander-1.78.jar;C:\Users\Phillip\eclipse-workspace\MavenRepository\org\webjars\jquery\3.5.1\jquery-3.5.1.jar;C:\Users\Phillip\eclipse-workspace\MavenRepository\org\seleniumhq\selenium\selenium-chrome-driver\4.1.2\selenium-chrome-driver-4.1.2.jar;C:\Users\Phillip\eclipse-workspace\MavenRepository\com\google\auto\service\auto-service-annotations\1.0.1\auto-service-annotations-1.0.1.jar;C:\Users\Phillip\eclipse-workspace\MavenRepository\com\google\auto\service\auto-service\1.0.1\auto-service-1.0.1.jar;C:\Users\Phillip\eclipse-workspace\MavenRepository\com\google\auto\auto-common\1.2\auto-common-1.2.jar;C:\Users\Phillip\eclipse-workspace\MavenRepository\com\google\guava\guava\31.0.1-jre\guava-31.0.1-jre.jar;C:\Users\Phillip\eclipse-workspace\MavenRepository\com\google\guava\failureaccess\1.0.1\failureaccess-1.0.1.jar;C:\Users\Phillip\eclipse-workspace\MavenRepository\com\google\guava\listenablefuture\9999.0-empty-to-avoid-conflict-with-guava\listenablefuture-9999.0-empty-to-avoid-conflict-with-guava.jar;C:\Users\Phillip\eclipse-workspace\MavenRepository\com\google\code\findbugs\jsr305\3.0.2\jsr305-3.0.2.jar;C:\Users\Phillip\eclipse-workspace\MavenRepository\org\checkerframework\checker-qual\3.12.0\checker-qual-3.12.0.jar;C:\Users\Phillip\eclipse-workspace\MavenRepository\com\google\errorprone\error_prone_annotations\2.7.1\error_prone_annotations-2.7.1.jar;C:\Users\Phillip\eclipse-workspace\MavenRepository\com\google\j2objc\j2objc-annotations\1.3\j2objc-annotations-1.3.jar;C:\Users\Phillip\eclipse-workspace\MavenRepository\org\seleniumhq\selenium\selenium-chromium-driver\4.1.2\selenium-chromium-driver-4.1.2.jar;C:\Users\Phillip\eclipse-workspace\MavenRepository\org\seleniumhq\selenium\selenium-json\4.1.2\selenium-json-4.1.2.jar;C:\Users\Phillip\eclipse-workspace\MavenRepository\org\seleniumhq\selenium\selenium-remote-driver\4.1.2\selenium-remote-driver-4.1.2.jar;C:\Users\Phillip\eclipse-workspace\MavenRepository\io\netty\netty-buffer\4.1.73.Final\netty-buffer-4.1.73.Final.jar;C:\Users\Phillip\eclipse-workspace\MavenRepository\io\netty\netty-codec-http\4.1.73.Final\netty-codec-http-4.1.73.Final.jar;C:\Users\Phillip\eclipse-workspace\MavenRepository\io\netty\netty-codec\4.1.73.Final\netty-codec-4.1.73.Final.jar;C:\Users\Phillip\eclipse-workspace\MavenRepository\io\netty\netty-handler\4.1.73.Final\netty-handler-4.1.73.Final.jar;C:\Users\Phillip\eclipse-workspace\MavenRepository\io\netty\netty-tcnative-classes\2.0.46.Final\netty-tcnative-classes-2.0.46.Final.jar;C:\Users\Phillip\eclipse-workspace\MavenRepository\io\netty\netty-common\4.1.73.Final\netty-common-4.1.73.Final.jar;C:\Users\Phillip\eclipse-workspace\MavenRepository\io\netty\netty-transport-classes-epoll\4.1.73.Final\netty-transport-classes-epoll-4.1.73.Final.jar;C:\Users\Phillip\eclipse-workspace\MavenRepository\io\netty\netty-transport-classes-kqueue\4.1.73.Final\netty-transport-classes-kqueue-4.1.73.Final.jar;C:\Users\Phillip\eclipse-workspace\MavenRepository\io\netty\netty-transport-native-epoll\4.1.73.Final\netty-transport-native-epoll-4.1.73.Final.jar;C:\Users\Phillip\eclipse-workspace\MavenRepository\io\netty\netty-transport-native-kqueue\4.1.73.Final\netty-transport-native-kqueue-4.1.73.Final.jar;C:\Users\Phillip\eclipse-workspace\MavenRepository\io\netty\netty-transport-native-unix-common\4.1.73.Final\netty-transport-native-unix-common-4.1.73.Final.jar;C:\Users\Phillip\eclipse-workspace\MavenRepository\io\netty\netty-transport\4.1.73.Final\netty-transport-4.1.73.Final.jar;C:\Users\Phillip\eclipse-workspace\MavenRepository\io\netty\netty-resolver\4.1.73.Final\netty-resolver-4.1.73.Final.jar;C:\Users\Phillip\eclipse-workspace\MavenRepository\io\opentelemetry\opentelemetry-api\1.10.1\opentelemetry-api-1.10.1.jar;C:\Users\Phillip\eclipse-workspace\MavenRepository\io\opentelemetry\opentelemetry-context\1.10.1\opentelemetry-context-1.10.1.jar;C:\Users\Phillip\eclipse-workspace\MavenRepository\io\opentelemetry\opentelemetry-exporter-logging\1.10.1\opentelemetry-exporter-logging-1.10.1.jar;C:\Users\Phillip\eclipse-workspace\MavenRepository\io\opentelemetry\opentelemetry-sdk-metrics\1.10.1-alpha\opentelemetry-sdk-metrics-1.10.1-alpha.jar;C:\Users\Phillip\eclipse-workspace\MavenRepository\io\opentelemetry\opentelemetry-sdk-logs\1.10.1-alpha\opentelemetry-sdk-logs-1.10.1-alpha.jar;C:\Users\Phillip\eclipse-workspace\MavenRepository\io\opentelemetry\opentelemetry-sdk-common\1.10.1\opentelemetry-sdk-common-1.10.1.jar;C:\Users\Phillip\eclipse-workspace\MavenRepository\io\opentelemetry\opentelemetry-sdk-extension-autoconfigure-spi\1.10.1\opentelemetry-sdk-extension-autoconfigure-spi-1.10.1.jar;C:\Users\Phillip\eclipse-workspace\MavenRepository\io\opentelemetry\opentelemetry-sdk-extension-autoconfigure\1.10.1-alpha\opentelemetry-sdk-extension-autoconfigure-1.10.1-alpha.jar;C:\Users\Phillip\eclipse-workspace\MavenRepository\io\opentelemetry\opentelemetry-sdk-trace\1.10.1\opentelemetry-sdk-trace-1.10.1.jar;C:\Users\Phillip\eclipse-workspace\MavenRepository\io\opentelemetry\opentelemetry-sdk\1.10.1\opentelemetry-sdk-1.10.1.jar;C:\Users\Phillip\eclipse-workspace\MavenRepository\io\opentelemetry\opentelemetry-semconv\1.10.1-alpha\opentelemetry-semconv-1.10.1-alpha.jar;C:\Users\Phillip\eclipse-workspace\MavenRepository\io\ous\jtoml\2.0.0\jtoml-2.0.0.jar;C:\Users\Phillip\eclipse-workspace\MavenRepository\org\apache\commons\commons-exec\1.3\commons-exec-1.3.jar;C:\Users\Phillip\eclipse-workspace\MavenRepository\org\asynchttpclient\async-http-client\2.12.3\async-http-client-2.12.3.jar;C:\Users\Phillip\eclipse-workspace\MavenRepository\org\asynchttpclient\async-http-client-netty-utils\2.12.3\async-http-client-netty-utils-2.12.3.jar;C:\Users\Phillip\eclipse-workspace\MavenRepository\io\netty\netty-codec-socks\4.1.60.Final\netty-codec-socks-4.1.60.Final.jar;C:\Users\Phillip\eclipse-workspace\MavenRepository\io\netty\netty-handler-proxy\4.1.60.Final\netty-handler-proxy-4.1.60.Final.jar;C:\Users\Phillip\eclipse-workspace\MavenRepository\io\netty\netty-transport-native-epoll\4.1.60.Final\netty-transport-native-epoll-4.1.60.Final-linux-x86_64.jar;C:\Users\Phillip\eclipse-workspace\MavenRepository\io\netty\netty-transport-native-kqueue\4.1.60.Final\netty-transport-native-kqueue-4.1.60.Final-osx-x86_64.jar;C:\Users\Phillip\eclipse-workspace\MavenRepository\com\typesafe\netty\netty-reactive-streams\2.0.4\netty-reactive-streams-2.0.4.jar;C:\Users\Phillip\eclipse-workspace\MavenRepository\com\sun\activation\jakarta.activation\1.2.2\jakarta.activation-1.2.2.jar;C:\Users\Phillip\eclipse-workspace\MavenRepository\org\seleniumhq\selenium\selenium-http\4.1.2\selenium-http-4.1.2.jar;C:\Users\Phillip\eclipse-workspace\MavenRepository\net\jodah\failsafe\2.4.4\failsafe-2.4.4.jar;C:\Users\Phillip\eclipse-workspace\MavenRepository\org\seleniumhq\selenium\selenium-java\4.1.2\selenium-java-4.1.2.jar;C:\Users\Phillip\eclipse-workspace\MavenRepository\org\seleniumhq\selenium\selenium-devtools-v85\4.1.2\selenium-devtools-v85-4.1.2.jar;C:\Users\Phillip\eclipse-workspace\MavenRepository\org\seleniumhq\selenium\selenium-devtools-v95\4.1.2\selenium-devtools-v95-4.1.2.jar;C:\Users\Phillip\eclipse-workspace\MavenRepository\org\seleniumhq\selenium\selenium-devtools-v96\4.1.2\selenium-devtools-v96-4.1.2.jar;C:\Users\Phillip\eclipse-workspace\MavenRepository\org\seleniumhq\selenium\selenium-devtools-v97\4.1.2\selenium-devtools-v97-4.1.2.jar;C:\Users\Phillip\eclipse-workspace\MavenRepository\org\seleniumhq\selenium\selenium-edge-driver\4.1.2\selenium-edge-driver-4.1.2.jar;C:\Users\Phillip\eclipse-workspace\MavenRepository\org\seleniumhq\selenium\selenium-firefox-driver\4.1.2\selenium-firefox-driver-4.1.2.jar;C:\Users\Phillip\eclipse-workspace\MavenRepository\org\seleniumhq\selenium\selenium-firefox-xpi-driver\4.1.2\selenium-firefox-xpi-driver-4.1.2.jar;C:\Users\Phillip\eclipse-workspace\MavenRepository\org\seleniumhq\selenium\selenium-ie-driver\4.1.2\selenium-ie-driver-4.1.2.jar;C:\Users\Phillip\eclipse-workspace\MavenRepository\org\seleniumhq\selenium\selenium-opera-driver\4.1.2\selenium-opera-driver-4.1.2.jar;C:\Users\Phillip\eclipse-workspace\MavenRepository\org\seleniumhq\selenium\selenium-safari-driver\4.1.2\selenium-safari-driver-4.1.2.jar;C:\Users\Phillip\eclipse-workspace\MavenRepository\org\seleniumhq\selenium\selenium-api\4.1.2\selenium-api-4.1.2.jar;C:\Users\Phillip\eclipse-workspace\MavenRepository\org\seleniumhq\selenium\selenium-support\4.1.2\selenium-support-4.1.2.jar;C:\Users\Phillip\eclipse-workspace\MavenRepository\net\bytebuddy\byte-buddy\1.12.7\byte-buddy-1.12.7.jar;"/>
    <property name="sun.cpu.endian" value="little"/>
    <property name="user.home" value="C:\Users\Phillip"/>
    <property name="user.language" value="ko"/>
    <property name="java.specification.vendor" value="Oracle Corporation"/>
    <property name="java.version.date" value="2022-01-18"/>
    <property name="java.home" value="C:\Users\Phillip\.p2\pool\plugins\org.eclipse.justj.openjdk.hotspot.jre.full.win32.x86_64_17.0.2.v20220201-1208\jre"/>
    <property name="file.separator" value="\"/>
    <property name="basedir" value="C:\Users\Phillip\eclipse-workspace\secondBlock"/>
    <property name="java.vm.compressedOopsMode" value="Zero based"/>
    <property name="line.separator" value="&#10;"/>
    <property name="java.vm.specification.vendor" value="Oracle Corporation"/>
    <property name="java.specification.name" value="Java Platform API Specification"/>
    <property name="surefire.real.class.path" value="C:\Users\Phillip\AppData\Local\Temp\surefire8045211692030669720\surefirebooter1554928386021018460.jar"/>
    <property name="user.script" value=""/>
    <property name="sun.management.compiler" value="HotSpot 64-Bit Tiered Compilers"/>
    <property name="java.runtime.version" value="17.0.2+8"/>
    <property name="user.name" value="Phillip"/>
    <property name="path.separator" value=";"/>
    <property name="otel.metrics.exporter" value="none"/>
    <property name="os.version" value="10.0"/>
    <property name="java.runtime.name" value="OpenJDK Runtime Environment"/>
    <property name="otel.traces.exporter" value="none"/>
    <property name="file.encoding" value="MS949"/>
    <property name="java.vm.name" value="OpenJDK 64-Bit Server VM"/>
    <property name="java.vendor.version" value="Temurin-17.0.2+8"/>
    <property name="localRepository" value="C:\Users\Phillip\eclipse-workspace\MavenRepository"/>
    <property name="java.vendor.url.bug" value="https://github.com/adoptium/adoptium-support/issues"/>
    <property name="java.io.tmpdir" value="C:\Users\Phillip\AppData\Local\Temp\"/>
    <property name="java.version" value="17.0.2"/>
    <property name="user.dir" value="C:\Users\Phillip\eclipse-workspace\secondBlock"/>
    <property name="os.arch" value="amd64"/>
    <property name="java.vm.specification.name" value="Java Virtual Machine Specification"/>
    <property name="sun.os.patch.level" value=""/>
    <property name="native.encoding" value="MS949"/>
    <property name="java.library.path" value="C:\Users\Phillip\.p2\pool\plugins\org.eclipse.justj.openjdk.hotspot.jre.full.win32.x86_64_17.0.2.v20220201-1208\jre\bin;C:\Windows\Sun\Java\bin;C:\Windows\system32;C:\Windows;C:/Users/Phillip/.p2/pool/plugins/org.eclipse.justj.openjdk.hotspot.jre.full.win32.x86_64_17.0.2.v20220201-1208/jre/bin/server;C:/Users/Phillip/.p2/pool/plugins/org.eclipse.justj.openjdk.hotspot.jre.full.win32.x86_64_17.0.2.v20220201-1208/jre/bin;C:\Program Files\Common Files\Oracle\Java\javapath;C:\Program Files (x86)\Common Files\Oracle\Java\javapath;C:\Windows\system32;C:\Windows;C:\Windows\System32\Wbem;C:\Windows\System32\WindowsPowerShell\v1.0\;C:\Windows\System32\OpenSSH\;C:\Program Files\NVIDIA Corporation\NVIDIA NvDLISR;C:\Program Files (x86)\NVIDIA Corporation\PhysX\Common;C:\Program Files\Java\jre1.8.0_321;C:\Users\Phillip\AppData\Local\Android\Sdk\platform-tools;C:\Users\Phillip\AppData\Local\Android\Sdk\tools\bin;C:\ProgramData\chocolatey\bin;C:\Users\Phillip\eclipse-workspace\apache-maven-3.8.4\bin;C:\Users\Phillip\Downloads;C:\Program Files\Git\cmd;C:\Users\Phillip\AppData\Local\Microsoft\WindowsApps;C:\Program Files\Java\jre1.8.0_321;C:\Users\Phillip\AppData\Local\Android\Sdk\platform-tools;C:\Users\Phillip\AppData\Local\Android\Sdk\tools\bin;C:\Users\Phillip\eclipse-workspace\apache-maven-3.8.4\bin;C:\Users\Phillip\Downloads;C:\Users\Phillip\AppData\Local\GitHubDesktop\bin;C:\Windows\System32;;."/>
    <property name="java.vm.info" value="mixed mode"/>
    <property name="java.vendor" value="Eclipse Adoptium"/>
    <property name="java.vm.version" value="17.0.2+8"/>
    <property name="sun.io.unicode.encoding" value="UnicodeLittle"/>
    <property name="java.class.version" value="61.0"/>
  </properties>
  <testcase name="createAndStartService" classname="test.java.DeleteAccount" time="1.177">
    <failure message="Could not start a new session. Response code 500. Message: Error forwarding the new session Empty pool of VM for setup Capabilities {browserName: chrome, goog:chromeOptions: {args: [], extensions: []}}&#10;Build info: version: &apos;4.1.2&apos;, revision: &apos;9a5a329c5a&apos;&#10;System info: host: &apos;DESKTOP-POJBL9N&apos;, ip: &apos;172.17.160.181&apos;, os.name: &apos;Windows 10&apos;, os.arch: &apos;amd64&apos;, os.version: &apos;10.0&apos;, java.version: &apos;17.0.2&apos;&#10;Driver info: org.openqa.selenium.remote.RemoteWebDriver&#10;Command: [null, newSession {capabilities=[Capabilities {browserName: chrome, goog:chromeOptions: {args: [], extensions: []}}], desiredCapabilities=Capabilities {browserName: chrome, goog:chromeOptions: {args: [], extensions: []}}}]&#10;Capabilities {}" type="org.openqa.selenium.SessionNotCreatedException"><![CDATA[org.openqa.selenium.SessionNotCreatedException: 
Could not start a new session. Response code 500. Message: Error forwarding the new session Empty pool of VM for setup Capabilities {browserName: chrome, goog:chromeOptions: {args: [], extensions: []}}
Build info: version: '4.1.2', revision: '9a5a329c5a'
System info: host: 'DESKTOP-POJBL9N', ip: '172.17.160.181', os.name: 'Windows 10', os.arch: 'amd64', os.version: '10.0', java.version: '17.0.2'
Driver info: org.openqa.selenium.remote.RemoteWebDriver
Command: [null, newSession {capabilities=[Capabilities {browserName: chrome, goog:chromeOptions: {args: [], extensions: []}}], desiredCapabilities=Capabilities {browserName: chrome, goog:chromeOptions: {args: [], extensions: []}}}]
Capabilities {}
]]></failure>
    <system-out><![CDATA[[Configuration] [WARN] Detected a static method [main.java.SetUp.createAndStartService()]. Static configuration methods can cause  unexpected behavior.
[Configuration] [WARN] Detected a static method [main.java.SetUp.createAndStartService()]. Static configuration methods can cause  unexpected behavior.
]]></system-out>
    <system-err><![CDATA[4월 01, 2022 10:51:22 오전 org.openqa.selenium.remote.tracing.opentelemetry.OpenTelemetryTracer createTracer
정보: Using OpenTelemetry for tracing
SLF4J: No SLF4J providers were found.
SLF4J: Defaulting to no-operation (NOP) logger implementation
SLF4J: See http://www.slf4j.org/codes.html#noProviders for further details.
]]></system-err>
  </testcase>
  <testcase name="scenario_01_facebookLogin" classname="test.java.DeleteAccount" time="0">
    <skipped message="Could not start a new session. Response code 500. Message: Error forwarding the new session Empty pool of VM for setup Capabilities {browserName: chrome, goog:chromeOptions: {args: [], extensions: []}}&#10;Build info: version: &apos;4.1.2&apos;, revision: &apos;9a5a329c5a&apos;&#10;System info: host: &apos;DESKTOP-POJBL9N&apos;, ip: &apos;172.17.160.181&apos;, os.name: &apos;Windows 10&apos;, os.arch: &apos;amd64&apos;, os.version: &apos;10.0&apos;, java.version: &apos;17.0.2&apos;&#10;Driver info: org.openqa.selenium.remote.RemoteWebDriver&#10;Command: [null, newSession {capabilities=[Capabilities {browserName: chrome, goog:chromeOptions: {args: [], extensions: []}}], desiredCapabilities=Capabilities {browserName: chrome, goog:chromeOptions: {args: [], extensions: []}}}]&#10;Capabilities {}"/>
  </testcase>
  <testcase name="scenario_02_deleteAccount" classname="test.java.DeleteAccount" time="0">
    <skipped message="Could not start a new session. Response code 500. Message: Error forwarding the new session Empty pool of VM for setup Capabilities {browserName: chrome, goog:chromeOptions: {args: [], extensions: []}}&#10;Build info: version: &apos;4.1.2&apos;, revision: &apos;9a5a329c5a&apos;&#10;System info: host: &apos;DESKTOP-POJBL9N&apos;, ip: &apos;172.17.160.181&apos;, os.name: &apos;Windows 10&apos;, os.arch: &apos;amd64&apos;, os.version: &apos;10.0&apos;, java.version: &apos;17.0.2&apos;&#10;Driver info: org.openqa.selenium.remote.RemoteWebDriver&#10;Command: [null, newSession {capabilities=[Capabilities {browserName: chrome, goog:chromeOptions: {args: [], extensions: []}}], desiredCapabilities=Capabilities {browserName: chrome, goog:chromeOptions: {args: [], extensions: []}}}]&#10;Capabilities {}"/>
  </testcase>
  <testcase name="quit" classname="test.java.DeleteAccount" time="0">
    <skipped/>
  </testcase>
  <testcase name="createAndStartService" classname="test.java.JoinAccount" time="0.025">
    <failure message="Could not start a new session. Response code 500. Message: Error forwarding the new session Empty pool of VM for setup Capabilities {browserName: chrome, goog:chromeOptions: {args: [], extensions: []}}&#10;Build info: version: &apos;4.1.2&apos;, revision: &apos;9a5a329c5a&apos;&#10;System info: host: &apos;DESKTOP-POJBL9N&apos;, ip: &apos;172.17.160.181&apos;, os.name: &apos;Windows 10&apos;, os.arch: &apos;amd64&apos;, os.version: &apos;10.0&apos;, java.version: &apos;17.0.2&apos;&#10;Driver info: org.openqa.selenium.remote.RemoteWebDriver&#10;Command: [null, newSession {capabilities=[Capabilities {browserName: chrome, goog:chromeOptions: {args: [], extensions: []}}], desiredCapabilities=Capabilities {browserName: chrome, goog:chromeOptions: {args: [], extensions: []}}}]&#10;Capabilities {}" type="org.openqa.selenium.SessionNotCreatedException"><![CDATA[org.openqa.selenium.SessionNotCreatedException: 
Could not start a new session. Response code 500. Message: Error forwarding the new session Empty pool of VM for setup Capabilities {browserName: chrome, goog:chromeOptions: {args: [], extensions: []}}
Build info: version: '4.1.2', revision: '9a5a329c5a'
System info: host: 'DESKTOP-POJBL9N', ip: '172.17.160.181', os.name: 'Windows 10', os.arch: 'amd64', os.version: '10.0', java.version: '17.0.2'
Driver info: org.openqa.selenium.remote.RemoteWebDriver
Command: [null, newSession {capabilities=[Capabilities {browserName: chrome, goog:chromeOptions: {args: [], extensions: []}}], desiredCapabilities=Capabilities {browserName: chrome, goog:chromeOptions: {args: [], extensions: []}}}]
Capabilities {}
]]></failure>
  </testcase>
  <testcase name="scenario_01_facebookLogin" classname="test.java.JoinAccount" time="0">
    <skipped message="Could not start a new session. Response code 500. Message: Error forwarding the new session Empty pool of VM for setup Capabilities {browserName: chrome, goog:chromeOptions: {args: [], extensions: []}}&#10;Build info: version: &apos;4.1.2&apos;, revision: &apos;9a5a329c5a&apos;&#10;System info: host: &apos;DESKTOP-POJBL9N&apos;, ip: &apos;172.17.160.181&apos;, os.name: &apos;Windows 10&apos;, os.arch: &apos;amd64&apos;, os.version: &apos;10.0&apos;, java.version: &apos;17.0.2&apos;&#10;Driver info: org.openqa.selenium.remote.RemoteWebDriver&#10;Command: [null, newSession {capabilities=[Capabilities {browserName: chrome, goog:chromeOptions: {args: [], extensions: []}}], desiredCapabilities=Capabilities {browserName: chrome, goog:chromeOptions: {args: [], extensions: []}}}]&#10;Capabilities {}"/>
  </testcase>
  <testcase name="scenario_02_joinAccount" classname="test.java.JoinAccount" time="0">
    <skipped message="Could not start a new session. Response code 500. Message: Error forwarding the new session Empty pool of VM for setup Capabilities {browserName: chrome, goog:chromeOptions: {args: [], extensions: []}}&#10;Build info: version: &apos;4.1.2&apos;, revision: &apos;9a5a329c5a&apos;&#10;System info: host: &apos;DESKTOP-POJBL9N&apos;, ip: &apos;172.17.160.181&apos;, os.name: &apos;Windows 10&apos;, os.arch: &apos;amd64&apos;, os.version: &apos;10.0&apos;, java.version: &apos;17.0.2&apos;&#10;Driver info: org.openqa.selenium.remote.RemoteWebDriver&#10;Command: [null, newSession {capabilities=[Capabilities {browserName: chrome, goog:chromeOptions: {args: [], extensions: []}}], desiredCapabilities=Capabilities {browserName: chrome, goog:chromeOptions: {args: [], extensions: []}}}]&#10;Capabilities {}"/>
  </testcase>
  <testcase name="quit" classname="test.java.JoinAccount" time="0">
    <skipped/>
  </testcase>
</testsuite>