<?xml version="1.0" encoding="UTF-8"?>
<!-- Generated by org.testng.reporters.JUnitReportReporter -->
<testsuite hostname="DESKTOP-IIOPE3V" failures="0" tests="9" name="test.java.JoinAccount" time="65.476" errors="0" timestamp="2022-06-16T17:28:26 KST" skipped="0">
  <testcase classname="test.java.JoinAccount" name="Join_002_Nickname_Placeholder" time="1.047"/>
  <system-out/>
  <testcase classname="test.java.JoinAccount" name="Join_001_Login_Facebook" time="23.263"/>
  <system-out/>
  <testcase classname="test.java.JoinAccount" name="Join_009_Agree_Check" time="12.340"/>
  <system-out/>
  <testcase classname="test.java.JoinAccount" name="Join_005_Nickname_NotText" time="2.609"/>
  <system-out/>
  <testcase classname="test.java.JoinAccount" name="Join_007_Nickname_Clear" time="4.111"/>
  <system-out/>
  <testcase classname="test.java.JoinAccount" name="Join_008_Nickname_Normal" time="2.576"/>
  <system-out/>
  <testcase classname="test.java.JoinAccount" name="Join_003_Nickname_GuideText" time="3.039"/>
  <system-out/>
  <testcase classname="test.java.JoinAccount" name="Join_004_Nickname_1Text20" time="10.845"/>
  <system-out/>
  <testcase classname="test.java.JoinAccount" name="Join_006_Nickname_Duplicate" time="5.646"/>
  <system-out/>
</testsuite> <!-- test.java.JoinAccount -->
