<?xml version="1.0" encoding="UTF-8"?>
<!-- Generated by org.testng.reporters.JUnitReportReporter -->
<testsuite hostname="DESKTOP-IIOPE3V" failures="0" tests="23" name="test.java.Func_05_InGame" time="227.642" errors="1" timestamp="2022-07-19T11:05:51 KST" skipped="0">
  <testcase classname="test.java.Func_05_InGame" name="InGame_002_MyMenu_Character" time="26.457"/>
  <system-out/>
  <testcase classname="test.java.Func_05_InGame" name="InGame_020_Emoji" time="20.728"/>
  <system-out/>
  <testcase classname="test.java.Func_05_InGame" name="InGame_008_ZoomIn" time="4.253"/>
  <system-out/>
  <testcase classname="test.java.Func_05_InGame" name="InGame_013_Open_Minimap" time="6.286"/>
  <system-out/>
  <testcase classname="test.java.Func_05_InGame" name="InGame_006_BlockUnfollow" time="12.275"/>
  <system-out/>
  <testcase classname="test.java.Func_05_InGame" name="InGame_012_CloseMenu" time="4.157"/>
  <system-out/>
  <testcase classname="test.java.Func_05_InGame" name="InGame_004_BlockTitle" time="2.120"/>
  <system-out/>
  <testcase classname="test.java.Func_05_InGame" name="InGame_001_HomeBtn" time="37.013">
    <error message="current thread is not owner" type="java.lang.IllegalMonitorStateException">
      <![CDATA[java.lang.IllegalMonitorStateException: current thread is not owner
at java.base/java.lang.Object.wait(Native Method)
at test.java.Func_05_InGame.InGame_001_HomeBtn(Func_05_InGame.java:25)
at java.base/jdk.internal.reflect.NativeMethodAccessorImpl.invoke0(Native Method)
at java.base/jdk.internal.reflect.NativeMethodAccessorImpl.invoke(NativeMethodAccessorImpl.java:77)
at java.base/jdk.internal.reflect.DelegatingMethodAccessorImpl.invoke(DelegatingMethodAccessorImpl.java:43)
at java.base/java.lang.reflect.Method.invoke(Method.java:568)
at org.testng.internal.MethodInvocationHelper.invokeMethod(MethodInvocationHelper.java:133)
at org.testng.internal.TestInvoker.invokeMethod(TestInvoker.java:598)
at org.testng.internal.TestInvoker.invokeTestMethod(TestInvoker.java:173)
at org.testng.internal.MethodRunner.runInSequence(MethodRunner.java:46)
at org.testng.internal.TestInvoker$MethodInvocationAgent.invoke(TestInvoker.java:824)
at org.testng.internal.TestInvoker.invokeTestMethods(TestInvoker.java:146)
at org.testng.internal.TestMethodWorker.invokeTestMethods(TestMethodWorker.java:146)
at org.testng.internal.TestMethodWorker.run(TestMethodWorker.java:128)
at java.base/java.util.ArrayList.forEach(ArrayList.java:1511)
at org.testng.TestRunner.privateRun(TestRunner.java:794)
at org.testng.TestRunner.run(TestRunner.java:596)
at org.testng.SuiteRunner.runTest(SuiteRunner.java:377)
at org.testng.SuiteRunner.runSequentially(SuiteRunner.java:371)
at org.testng.SuiteRunner.privateRun(SuiteRunner.java:332)
at org.testng.SuiteRunner.run(SuiteRunner.java:276)
at org.testng.SuiteRunnerWorker.runSuite(SuiteRunnerWorker.java:53)
at org.testng.SuiteRunnerWorker.run(SuiteRunnerWorker.java:96)
at org.testng.TestNG.runSuitesSequentially(TestNG.java:1212)
at org.testng.TestNG.runSuitesLocally(TestNG.java:1134)
at org.testng.TestNG.runSuites(TestNG.java:1063)
at org.testng.TestNG.run(TestNG.java:1031)
at org.testng.remote.AbstractRemoteTestNG.run(AbstractRemoteTestNG.java:115)
at org.testng.remote.RemoteTestNG.initAndRun(RemoteTestNG.java:251)
at org.testng.remote.RemoteTestNG.main(RemoteTestNG.java:77)
]]>
    </error>
  </testcase> <!-- InGame_001_HomeBtn -->
  <system-out/>
  <testcase classname="test.java.Func_05_InGame" name="InGame_019_FilterEffect" time="10.632"/>
  <system-out/>
  <testcase classname="test.java.Func_05_InGame" name="InGame_015_Open_Notice" time="6.287"/>
  <system-out/>
  <testcase classname="test.java.Func_05_InGame" name="InGame_018_OnOff_Chatting" time="13.626"/>
  <system-out/>
  <testcase classname="test.java.Func_05_InGame" name="InGame_016_Close_Notice" time="6.175"/>
  <system-out/>
  <testcase classname="test.java.Func_05_InGame" name="InGame_023_OnOff_Camera" time="12.395"/>
  <system-out/>
  <testcase classname="test.java.Func_05_InGame" name="InGame_005_BlockFollow" time="11.266"/>
  <system-out/>
  <testcase classname="test.java.Func_05_InGame" name="InGame_022_OnOff_Mike" time="12.389"/>
  <system-out/>
  <testcase classname="test.java.Func_05_InGame" name="InGame_007_ZoomOut" time="4.218"/>
  <system-out/>
  <testcase classname="test.java.Func_05_InGame" name="InGame_003_MyMenu_Setting" time="14.883"/>
  <system-out/>
  <testcase classname="test.java.Func_05_InGame" name="InGame_009_User" time="0.057"/>
  <system-out/>
  <testcase classname="test.java.Func_05_InGame" name="InGame_017_AllChatting" time="1.411"/>
  <system-out/>
  <testcase classname="test.java.Func_05_InGame" name="InGame_021_ShareScreen" time="5.176"/>
  <system-out/>
  <testcase classname="test.java.Func_05_InGame" name="InGame_011_SearchNickname" time="3.287"/>
  <system-out/>
  <testcase classname="test.java.Func_05_InGame" name="InGame_014_Close_Minimap" time="6.229"/>
  <system-out/>
  <testcase classname="test.java.Func_05_InGame" name="InGame_010_MenuBtn" time="6.322"/>
  <system-out/>
</testsuite> <!-- test.java.Func_05_InGame -->
