<?xml version="1.0" encoding="UTF-8"?>
<!-- Generated by org.testng.reporters.JUnitReportReporter -->
<testsuite hostname="DESKTOP-IIOPE3V" failures="0" tests="2" name="test.java.JoinAccount" time="22.542" errors="0" timestamp="2022-06-14T21:34:19 KST" skipped="0">
  <testcase classname="test.java.JoinAccount" name="scenario_0002_joinAccount" time="12.312"/>
  <system-out/>
  <testcase classname="test.java.JoinAccount" name="scenario_0001_facebookLogin" time="10.230"/>
  <system-out/>
</testsuite> <!-- test.java.JoinAccount -->
