<?xml version="1.0" encoding="UTF-8"?>
<!-- Generated by org.testng.reporters.JUnitReportReporter -->
<testsuite hostname="DESKTOP-IIOPE3V" failures="0" tests="11" name="test.java.Func_05_Character_Customization" time="131.719" errors="0" timestamp="2022-06-21T11:34:46 KST" skipped="0">
  <testcase classname="test.java.Func_05_Character_Customization" name="Character_010_Accessories" time="14.305"/>
  <system-out/>
  <testcase classname="test.java.Func_05_Character_Customization" name="Character_008_Shose" time="18.293"/>
  <system-out/>
  <testcase classname="test.java.Func_05_Character_Customization" name="Character_004_Top" time="10.230"/>
  <system-out/>
  <testcase classname="test.java.Func_05_Character_Customization" name="Character_007_Cap" time="6.150"/>
  <system-out/>
  <testcase classname="test.java.Func_05_Character_Customization" name="Character_009_Socks" time="6.192"/>
  <system-out/>
  <testcase classname="test.java.Func_05_Character_Customization" name="Character_001_MyMenu_Character" time="27.415"/>
  <system-out/>
  <testcase classname="test.java.Func_05_Character_Customization" name="Character_003_Hair" time="8.217"/>
  <system-out/>
  <testcase classname="test.java.Func_05_Character_Customization" name="Character_005_Bottom" time="12.306"/>
  <system-out/>
  <testcase classname="test.java.Func_05_Character_Customization" name="Character_006_Bag" time="16.281"/>
  <system-out/>
  <testcase classname="test.java.Func_05_Character_Customization" name="Character_002_Skin" time="6.167"/>
  <system-out/>
  <testcase classname="test.java.Func_05_Character_Customization" name="Character_011_Save" time="6.163"/>
  <system-out/>
</testsuite> <!-- test.java.Func_05_Character_Customization -->
