<?xml version="1.0" encoding="UTF-8"?>
<!-- Generated by org.testng.reporters.JUnitReportReporter -->
<testsuite hostname="DESKTOP-IIOPE3V" failures="0" tests="11" name="test.java.Func_03_Character_Customization" time="179.765" errors="0" timestamp="2022-07-19T10:18:32 KST" skipped="0">
  <testcase classname="test.java.Func_03_Character_Customization" name="Character_011_Save" time="10.179"/>
  <system-out/>
  <testcase classname="test.java.Func_03_Character_Customization" name="Character_010_Accessories" time="20.398"/>
  <system-out/>
  <testcase classname="test.java.Func_03_Character_Customization" name="Character_002_Skin" time="7.198"/>
  <system-out/>
  <testcase classname="test.java.Func_03_Character_Customization" name="Character_004_Top" time="15.315"/>
  <system-out/>
  <testcase classname="test.java.Func_03_Character_Customization" name="Character_007_Cap" time="9.193"/>
  <system-out/>
  <testcase classname="test.java.Func_03_Character_Customization" name="Character_009_Socks" time="9.166"/>
  <system-out/>
  <testcase classname="test.java.Func_03_Character_Customization" name="Character_008_Shose" time="21.341"/>
  <system-out/>
  <testcase classname="test.java.Func_03_Character_Customization" name="Character_003_Hair" time="13.280"/>
  <system-out/>
  <testcase classname="test.java.Func_03_Character_Customization" name="Character_001_MyMenu_Character" time="37.991"/>
  <system-out/>
  <testcase classname="test.java.Func_03_Character_Customization" name="Character_006_Bag" time="18.331"/>
  <system-out/>
  <testcase classname="test.java.Func_03_Character_Customization" name="Character_005_Bottom" time="17.373"/>
  <system-out/>
</testsuite> <!-- test.java.Func_03_Character_Customization -->
