<?xml version="1.0" encoding="UTF-8"?>
<!-- Generated by org.testng.reporters.JUnitReportReporter -->
<testsuite hostname="DESKTOP-IIOPE3V" failures="0" tests="9" name="test.java.JoinAccount" time="58.602" errors="0" timestamp="2022-07-07T17:46:46 KST" skipped="0">
  <testcase classname="test.java.JoinAccount" name="Join_009_Agree_Check" time="14.388"/>
  <system-out/>
  <testcase classname="test.java.JoinAccount" name="Join_002_Nickname_Placeholder" time="1.058"/>
  <system-out/>
  <testcase classname="test.java.JoinAccount" name="Join_006_Nickname_Duplicate" time="5.665"/>
  <system-out/>
  <testcase classname="test.java.JoinAccount" name="Join_005_Nickname_NotText" time="2.625"/>
  <system-out/>
  <testcase classname="test.java.JoinAccount" name="Join_008_Nickname_Normal" time="2.616"/>
  <system-out/>
  <testcase classname="test.java.JoinAccount" name="Join_003_Nickname_GuideText" time="3.060"/>
  <system-out/>
  <testcase classname="test.java.JoinAccount" name="Join_007_Nickname_Clear" time="4.103"/>
  <system-out/>
  <testcase classname="test.java.JoinAccount" name="Join_001_Login_Facebook" time="14.216"/>
  <system-out/>
  <testcase classname="test.java.JoinAccount" name="Join_004_Nickname_1Text20" time="10.871"/>
  <system-out/>
</testsuite> <!-- test.java.JoinAccount -->
