<?xml version="1.0" encoding="UTF-8"?>
<!-- Generated by org.testng.reporters.JUnitReportReporter -->
<testsuite hostname="DESKTOP-IIOPE3V" failures="0" tests="9" name="test.java.Func_02_Home_Middle" time="139.680" errors="0" timestamp="2022-06-14T20:54:59 KST" skipped="0">
  <testcase classname="test.java.Func_02_Home_Middle" name="Home_001_Middle_Banner_Logout" time="72.193"/>
  <system-out/>
  <testcase classname="test.java.Func_02_Home_Middle" name="Home_003_Middle_OwnBlock_Info" time="6.129"/>
  <system-out/>
  <testcase classname="test.java.Func_02_Home_Middle" name="Home_009_Middle_Recommended_Block" time="6.356"/>
  <system-out/>
  <testcase classname="test.java.Func_02_Home_Middle" name="Home_008_Middle_LineBanner" time="10.792"/>
  <system-out/>
  <testcase classname="test.java.Func_02_Home_Middle" name="Home_005_Middle_MyBlock_Enter" time="6.374"/>
  <system-out/>
  <testcase classname="test.java.Func_02_Home_Middle" name="Home_002_Middle_Banner_Top" time="23.320"/>
  <system-out/>
  <testcase classname="test.java.Func_02_Home_Middle" name="Home_004_Middle_MyBlock_Star" time="2.047"/>
  <system-out/>
  <testcase classname="test.java.Func_02_Home_Middle" name="Home_007_Middle_Join_Block" time="6.316"/>
  <system-out/>
  <testcase classname="test.java.Func_02_Home_Middle" name="Home_006_Middle_Make_Block" time="6.153"/>
  <system-out/>
</testsuite> <!-- test.java.Func_02_Home_Middle -->
