<?xml version="1.0" encoding="UTF-8"?>
<!-- Generated by org.testng.reporters.JUnitReportReporter -->
<testsuite hostname="DESKTOP-IIOPE3V" failures="0" tests="10" name="test.java.Func_08_OwnBlock_Setting" time="140.475" errors="0" timestamp="2022-07-20T14:38:53 KST" skipped="0">
  <testcase classname="test.java.Func_08_OwnBlock_Setting" name="Home_000_Login" time="28.778"/>
  <system-out/>
  <testcase classname="test.java.Func_08_OwnBlock_Setting" name="OBSetting_006_PW_OnOff" time="10.308"/>
  <system-out/>
  <testcase classname="test.java.Func_08_OwnBlock_Setting" name="OBSetting_009_Close" time="28.038"/>
  <system-out/>
  <testcase classname="test.java.Func_08_OwnBlock_Setting" name="OBSetting_002_Change_BlockName" time="5.306"/>
  <system-out/>
  <testcase classname="test.java.Func_08_OwnBlock_Setting" name="OBSetting_004_Change_Thumbnail" time="4.280"/>
  <system-out/>
  <testcase classname="test.java.Func_08_OwnBlock_Setting" name="OBSetting_001_Enter" time="36.772"/>
  <system-out/>
  <testcase classname="test.java.Func_08_OwnBlock_Setting" name="OBSetting_003_Change_Notice" time="3.243"/>
  <system-out/>
  <testcase classname="test.java.Func_08_OwnBlock_Setting" name="OBSetting_005_Public_On" time="6.197"/>
  <system-out/>
  <testcase classname="test.java.Func_08_OwnBlock_Setting" name="OBSetting_008_Save" time="11.333"/>
  <system-out/>
  <testcase classname="test.java.Func_08_OwnBlock_Setting" name="OBSetting_007_Hide_OnOff" time="6.220"/>
  <system-out/>
</testsuite> <!-- test.java.Func_08_OwnBlock_Setting -->
