<?xml version="1.0" encoding="UTF-8"?>
<!-- Generated by org.testng.reporters.JUnitReportReporter -->
<testsuite hostname="DESKTOP-IIOPE3V" failures="0" tests="23" name="test.java.Func_05_InGame" time="155.720" errors="0" timestamp="2022-06-29T10:32:24 KST" skipped="0">
  <testcase classname="test.java.Func_05_InGame" name="InGame_003_MyMenu_Setting" time="8.700"/>
  <system-out/>
  <testcase classname="test.java.Func_05_InGame" name="InGame_023_OnOff_Camera" time="8.276"/>
  <system-out/>
  <testcase classname="test.java.Func_05_InGame" name="InGame_012_CloseMenu" time="2.116"/>
  <system-out/>
  <testcase classname="test.java.Func_05_InGame" name="InGame_013_Open_Minimap" time="4.213"/>
  <system-out/>
  <testcase classname="test.java.Func_05_InGame" name="InGame_018_OnOff_Chatting" time="9.498"/>
  <system-out/>
  <testcase classname="test.java.Func_05_InGame" name="InGame_019_FilterEffect" time="6.493"/>
  <system-out/>
  <testcase classname="test.java.Func_05_InGame" name="InGame_021_ShareScreen" time="3.131"/>
  <system-out/>
  <testcase classname="test.java.Func_05_InGame" name="InGame_007_ZoomOut" time="2.160"/>
  <system-out/>
  <testcase classname="test.java.Func_05_InGame" name="InGame_015_Open_Notice" time="4.219"/>
  <system-out/>
  <testcase classname="test.java.Func_05_InGame" name="InGame_017_AllChatting" time="1.308"/>
  <system-out/>
  <testcase classname="test.java.Func_05_InGame" name="InGame_010_MenuBtn" time="4.219"/>
  <system-out/>
  <testcase classname="test.java.Func_05_InGame" name="InGame_009_User" time="0.036"/>
  <system-out/>
  <testcase classname="test.java.Func_05_InGame" name="InGame_014_Close_Minimap" time="4.141"/>
  <system-out/>
  <testcase classname="test.java.Func_05_InGame" name="InGame_002_MyMenu_Character" time="9.116"/>
  <system-out/>
  <testcase classname="test.java.Func_05_InGame" name="InGame_006_BlockUnfollow" time="8.212"/>
  <system-out/>
  <testcase classname="test.java.Func_05_InGame" name="InGame_008_ZoomIn" time="2.125"/>
  <system-out/>
  <testcase classname="test.java.Func_05_InGame" name="InGame_022_OnOff_Mike" time="8.230"/>
  <system-out/>
  <testcase classname="test.java.Func_05_InGame" name="InGame_004_BlockTitle" time="2.102"/>
  <system-out/>
  <testcase classname="test.java.Func_05_InGame" name="InGame_005_BlockFollow" time="8.258"/>
  <system-out/>
  <testcase classname="test.java.Func_05_InGame" name="InGame_016_Close_Notice" time="4.139"/>
  <system-out/>
  <testcase classname="test.java.Func_05_InGame" name="InGame_001_HomeBtn" time="39.277"/>
  <system-out/>
  <testcase classname="test.java.Func_05_InGame" name="InGame_011_SearchNickname" time="3.242"/>
  <system-out/>
  <testcase classname="test.java.Func_05_InGame" name="InGame_020_Emoji" time="12.509"/>
  <system-out/>
</testsuite> <!-- test.java.Func_05_InGame -->
