<?xml version="1.0" encoding="UTF-8"?>
<!-- Generated by org.testng.reporters.JUnitReportReporter -->
<testsuite hostname="DESKTOP-POJBL9N" failures="0" tests="4" name="test.java.Func_01_Home" time="45.270" errors="0" timestamp="2022-05-04T14:24:06 KST" skipped="0">
  <testcase classname="test.java.Func_01_Home" name="Home_017_Footer_Faq" time="6.713"/>
  <system-out/>
  <testcase classname="test.java.Func_01_Home" name="Home_018_Footer_Notice" time="6.140"/>
  <system-out/>
  <testcase classname="test.java.Func_01_Home" name="Home_020_Footer_privacy_policy" time="16.204"/>
  <system-out/>
  <testcase classname="test.java.Func_01_Home" name="Home_019_Footer_terms_of_service" time="16.213"/>
  <system-out/>
</testsuite> <!-- test.java.Func_01_Home -->
