<?xml version="1.0" encoding="UTF-8"?>
<!-- Generated by org.testng.reporters.JUnitReportReporter -->
<testsuite hostname="DESKTOP-IIOPE3V" failures="0" tests="4" name="test.java.Func_03_Home_Footer" time="13.262" errors="0" timestamp="2022-06-20T16:29:58 KST" skipped="0">
  <testcase classname="test.java.Func_03_Home_Footer" name="Home_001_Footer_MailTo" time="0.041"/>
  <system-out/>
  <testcase classname="test.java.Func_03_Home_Footer" name="Home_003_Footer_Privacy" time="6.650"/>
  <system-out/>
  <testcase classname="test.java.Func_03_Home_Footer" name="Home_002_Footer_Term" time="6.551"/>
  <system-out/>
  <testcase classname="test.java.Func_03_Home_Footer" name="Home_004_Footer_Address" time="0.020"/>
  <system-out/>
</testsuite> <!-- test.java.Func_03_Home_Footer -->
