<?xml version="1.0" encoding="UTF-8"?>
<!-- Generated by org.testng.reporters.JUnitReportReporter -->
<testsuite hostname="DESKTOP-IIOPE3V" failures="0" tests="7" name="test.java.Func_07_MakeBlock" time="79.343" errors="0" timestamp="2022-07-19T11:20:30 KST" skipped="0">
  <testcase classname="test.java.Func_07_MakeBlock" name="MakeBlock_002_Preset" time="6.262"/>
  <system-out/>
  <testcase classname="test.java.Func_07_MakeBlock" name="MakeBlock_006_Preset_Make" time="23.535"/>
  <system-out/>
  <testcase classname="test.java.Func_07_MakeBlock" name="MakeBlock_004_Preset_CheckBtn" time="0.022"/>
  <system-out/>
  <testcase classname="test.java.Func_07_MakeBlock" name="MakeBlock_005_Preset_InputName" time="5.169"/>
  <system-out/>
  <testcase classname="test.java.Func_07_MakeBlock" name="Home_000_Login" time="28.834"/>
  <system-out/>
  <testcase classname="test.java.Func_07_MakeBlock" name="MakeBlock_003_Preset_Check" time="9.271"/>
  <system-out/>
  <testcase classname="test.java.Func_07_MakeBlock" name="MakeBlock_001_Enter" time="6.250"/>
  <system-out/>
</testsuite> <!-- test.java.Func_07_MakeBlock -->
