<?xml version="1.0" encoding="UTF-8"?>
<!-- Generated by org.testng.reporters.JUnitReportReporter -->
<testsuite hostname="DESKTOP-IIOPE3V" failures="0" tests="4" name="test.java.Func_04_Home_Footer" time="19.874" errors="0" timestamp="2022-07-13T00:59:17 KST" skipped="0">
  <testcase classname="test.java.Func_04_Home_Footer" name="Home_003_Footer_Privacy" time="9.734"/>
  <system-out/>
  <testcase classname="test.java.Func_04_Home_Footer" name="Home_004_Footer_Address" time="0.024"/>
  <system-out/>
  <testcase classname="test.java.Func_04_Home_Footer" name="Home_001_Footer_MailTo" time="0.043"/>
  <system-out/>
  <testcase classname="test.java.Func_04_Home_Footer" name="Home_002_Footer_Term" time="10.073"/>
  <system-out/>
</testsuite> <!-- test.java.Func_04_Home_Footer -->
