<?xml version="1.0" encoding="UTF-8"?>
<!-- Generated by org.testng.reporters.JUnitReportReporter -->
<testsuite hostname="DESKTOP-IIOPE3V" failures="0" tests="2" name="test.java.DeleteAccount" time="34.060" errors="0" timestamp="2022-06-14T21:34:19 KST" skipped="0">
  <testcase classname="test.java.DeleteAccount" name="scenario_02_deleteAccount" time="10.825"/>
  <system-out/>
  <testcase classname="test.java.DeleteAccount" name="scenario_01_facebookLogin" time="23.235"/>
  <system-out/>
</testsuite> <!-- test.java.DeleteAccount -->
