<?xml version="1.0" encoding="UTF-8"?>
<!-- Generated by org.testng.reporters.JUnitReportReporter -->
<testsuite hostname="DESKTOP-IIOPE3V" failures="0" tests="4" name="test.java.Func_04_Home_Footer" time="20.486" errors="0" timestamp="2022-07-19T10:25:00 KST" skipped="0">
  <testcase classname="test.java.Func_04_Home_Footer" name="Home_004_Footer_Address" time="0.026"/>
  <system-out/>
  <testcase classname="test.java.Func_04_Home_Footer" name="Home_002_Footer_Term" time="10.046"/>
  <system-out/>
  <testcase classname="test.java.Func_04_Home_Footer" name="Home_003_Footer_Privacy" time="9.676"/>
  <system-out/>
  <testcase classname="test.java.Func_04_Home_Footer" name="Home_001_Footer_MailTo" time="0.738"/>
  <system-out/>
</testsuite> <!-- test.java.Func_04_Home_Footer -->
