<?xml version="1.0" encoding="UTF-8"?>
<!-- Generated by org.testng.reporters.JUnitReportReporter -->
<testsuite hostname="DESKTOP-IIOPE3V" failures="0" tests="9" name="test.java.JoinAccount" time="52.628" errors="0" timestamp="2022-06-20T16:29:58 KST" skipped="0">
  <testcase classname="test.java.JoinAccount" name="Join_009_Agree_Check" time="12.394"/>
  <system-out/>
  <testcase classname="test.java.JoinAccount" name="Join_003_Nickname_GuideText" time="3.080"/>
  <system-out/>
  <testcase classname="test.java.JoinAccount" name="Join_002_Nickname_Placeholder" time="1.056"/>
  <system-out/>
  <testcase classname="test.java.JoinAccount" name="Join_005_Nickname_NotText" time="2.603"/>
  <system-out/>
  <testcase classname="test.java.JoinAccount" name="Join_006_Nickname_Duplicate" time="5.689"/>
  <system-out/>
  <testcase classname="test.java.JoinAccount" name="Join_008_Nickname_Normal" time="2.591"/>
  <system-out/>
  <testcase classname="test.java.JoinAccount" name="Join_001_Login_Facebook" time="10.234"/>
  <system-out/>
  <testcase classname="test.java.JoinAccount" name="Join_007_Nickname_Clear" time="4.101"/>
  <system-out/>
  <testcase classname="test.java.JoinAccount" name="Join_004_Nickname_1Text20" time="10.880"/>
  <system-out/>
</testsuite> <!-- test.java.JoinAccount -->
