<?xml version="1.0" encoding="UTF-8"?>
<!-- Generated by org.testng.reporters.JUnitReportReporter -->
<testsuite hostname="DESKTOP-IIOPE3V" failures="0" tests="11" name="test.java.Func_03_Character_Customization" time="145.672" errors="0" timestamp="2022-06-28T22:48:55 KST" skipped="0">
  <testcase classname="test.java.Func_03_Character_Customization" name="Character_003_Hair" time="8.913"/>
  <system-out/>
  <testcase classname="test.java.Func_03_Character_Customization" name="Character_004_Top" time="10.882"/>
  <system-out/>
  <testcase classname="test.java.Func_03_Character_Customization" name="Character_005_Bottom" time="13.179"/>
  <system-out/>
  <testcase classname="test.java.Func_03_Character_Customization" name="Character_006_Bag" time="16.929"/>
  <system-out/>
  <testcase classname="test.java.Func_03_Character_Customization" name="Character_002_Skin" time="6.566"/>
  <system-out/>
  <testcase classname="test.java.Func_03_Character_Customization" name="Character_007_Cap" time="6.615"/>
  <system-out/>
  <testcase classname="test.java.Func_03_Character_Customization" name="Character_011_Save" time="8.539"/>
  <system-out/>
  <testcase classname="test.java.Func_03_Character_Customization" name="Character_001_MyMenu_Character" time="31.546"/>
  <system-out/>
  <testcase classname="test.java.Func_03_Character_Customization" name="Character_008_Shose" time="18.902"/>
  <system-out/>
  <testcase classname="test.java.Func_03_Character_Customization" name="Character_010_Accessories" time="17.055"/>
  <system-out/>
  <testcase classname="test.java.Func_03_Character_Customization" name="Character_009_Socks" time="6.546"/>
  <system-out/>
</testsuite> <!-- test.java.Func_03_Character_Customization -->
