<?xml version="1.0" encoding="UTF-8"?>
<!-- Generated by org.testng.reporters.JUnitReportReporter -->
<testsuite hostname="DESKTOP-IIOPE3V" failures="0" tests="8" name="test.java.Func_02_Home_Middle" time="178.545" errors="0" timestamp="2022-07-19T10:14:04 KST" skipped="0">
  <testcase classname="test.java.Func_02_Home_Middle" name="Home_003_Middle_OwnBlock_Info" time="6.308"/>
  <system-out/>
  <testcase classname="test.java.Func_02_Home_Middle" name="Home_005_Middle_MyBlock_Enter" time="9.464"/>
  <system-out/>
  <testcase classname="test.java.Func_02_Home_Middle" name="Home_001_Middle_Banner_Logout" time="76.166"/>
  <system-out/>
  <testcase classname="test.java.Func_02_Home_Middle" name="Home_006_Middle_Make_Block" time="9.229"/>
  <system-out/>
  <testcase classname="test.java.Func_02_Home_Middle" name="Home_007_Middle_Join_Block" time="9.482"/>
  <system-out/>
  <testcase classname="test.java.Func_02_Home_Middle" name="Home_002_Middle_Banner_Top" time="42.291"/>
  <system-out/>
  <testcase classname="test.java.Func_02_Home_Middle" name="Home_004_Middle_MyBlock_Star" time="2.085"/>
  <system-out/>
  <testcase classname="test.java.Func_02_Home_Middle" name="Home_008_Middle_LineBanner" time="23.520"/>
  <system-out/>
</testsuite> <!-- test.java.Func_02_Home_Middle -->
