<?xml version="1.0" encoding="UTF-8"?>
<!-- Generated by org.testng.reporters.JUnitReportReporter -->
<testsuite hostname="DESKTOP-IIOPE3V" failures="0" tests="8" name="test.java.Func_02_Home_Middle" time="122.279" errors="0" timestamp="2022-07-07T17:46:46 KST" skipped="0">
  <testcase classname="test.java.Func_02_Home_Middle" name="Home_005_Middle_MyBlock_Enter" time="7.334"/>
  <system-out/>
  <testcase classname="test.java.Func_02_Home_Middle" name="Home_004_Middle_MyBlock_Star" time="2.118"/>
  <system-out/>
  <testcase classname="test.java.Func_02_Home_Middle" name="Home_003_Middle_OwnBlock_Info" time="6.179"/>
  <system-out/>
  <testcase classname="test.java.Func_02_Home_Middle" name="Home_006_Middle_Make_Block" time="7.194"/>
  <system-out/>
  <testcase classname="test.java.Func_02_Home_Middle" name="Home_002_Middle_Banner_Top" time="17.751"/>
  <system-out/>
  <testcase classname="test.java.Func_02_Home_Middle" name="Home_008_Middle_LineBanner" time="13.279"/>
  <system-out/>
  <testcase classname="test.java.Func_02_Home_Middle" name="Home_001_Middle_Banner_Logout" time="61.091"/>
  <system-out/>
  <testcase classname="test.java.Func_02_Home_Middle" name="Home_007_Middle_Join_Block" time="7.333"/>
  <system-out/>
</testsuite> <!-- test.java.Func_02_Home_Middle -->
