<?xml version="1.0" encoding="UTF-8"?>
<!-- Generated by org.testng.reporters.JUnitReportReporter -->
<testsuite hostname="DESKTOP-IIOPE3V" failures="0" tests="8" name="test.java.Func_06_Setting" time="56.262" errors="0" timestamp="2022-07-01T17:19:55 KST" skipped="0">
  <testcase classname="test.java.Func_06_Setting" name="Setting_008_ProfileSetting_Nick_Guide" time="2.058"/>
  <system-out/>
  <testcase classname="test.java.Func_06_Setting" name="Setting_006_MediaSetting_Save" time="8.072"/>
  <system-out/>
  <testcase classname="test.java.Func_06_Setting" name="Setting_005_MediaSetting_BG" time="6.431"/>
  <system-out/>
  <testcase classname="test.java.Func_06_Setting" name="Setting_004_MediaSetting_Filter" time="8.217"/>
  <system-out/>
  <testcase classname="test.java.Func_06_Setting" name="Setting_003_MediaSetting_OnOffCamera" time="8.291"/>
  <system-out/>
  <testcase classname="test.java.Func_06_Setting" name="Setting_002_MediaSetting_OnOffMike" time="8.437"/>
  <system-out/>
  <testcase classname="test.java.Func_06_Setting" name="Setting_007_ProfileSetting" time="8.369"/>
  <system-out/>
  <testcase classname="test.java.Func_06_Setting" name="Setting_001_MyMenu_MediaSetting" time="6.387"/>
  <system-out/>
</testsuite> <!-- test.java.Func_06_Setting -->
