<?xml version="1.0" encoding="UTF-8"?>
<!-- Generated by org.testng.reporters.JUnitReportReporter -->
<testsuite hostname="DESKTOP-IIOPE3V" failures="0" tests="2" name="test.java.DeleteAccount" time="33.874" errors="0" timestamp="2022-06-13T17:42:32 KST" skipped="0">
  <testcase classname="test.java.DeleteAccount" name="scenario_02_deleteAccount" time="10.764"/>
  <system-out/>
  <testcase classname="test.java.DeleteAccount" name="scenario_01_facebookLogin" time="23.110"/>
  <system-out/>
</testsuite> <!-- test.java.DeleteAccount -->
