<?xml version="1.0" encoding="UTF-8"?>
<!-- Generated by org.testng.reporters.JUnitReportReporter -->
<testsuite hostname="DESKTOP-IIOPE3V" failures="0" tests="4" name="test.java.Func_04_InGame" time="57.948" errors="0" timestamp="2022-06-20T16:17:56 KST" skipped="0">
  <testcase classname="test.java.Func_04_InGame" name="Home_021_InGame_ShareScreen" time="3.129"/>
  <system-out/>
  <testcase classname="test.java.Func_04_InGame" name="Home_022_InGame_OnOff_Mike" time="8.240"/>
  <system-out/>
  <testcase classname="test.java.Func_04_InGame" name="Home_001_InGame_HomeBtn" time="38.342"/>
  <system-out/>
  <testcase classname="test.java.Func_04_InGame" name="Home_023_InGame_OnOff_Camera" time="8.237"/>
  <system-out/>
</testsuite> <!-- test.java.Func_04_InGame -->
