<?xml version="1.0" encoding="UTF-8"?>
<!-- Generated by org.testng.reporters.JUnitReportReporter -->
<testsuite hostname="DESKTOP-POJBL9N" failures="0" tests="4" name="test.java.Func_01_Home" time="44.731" errors="0" timestamp="2022-04-21T16:26:47 KST" skipped="0">
  <testcase classname="test.java.Func_01_Home" name="Home_018_Footer_Notice" time="6.125"/>
  <system-out/>
  <testcase classname="test.java.Func_01_Home" name="Home_020_Footer_privacy_policy" time="16.221"/>
  <system-out/>
  <testcase classname="test.java.Func_01_Home" name="Home_017_Footer_Faq" time="6.180"/>
  <system-out/>
  <testcase classname="test.java.Func_01_Home" name="Home_019_Footer_terms_of_service" time="16.205"/>
  <system-out/>
</testsuite> <!-- test.java.Func_01_Home -->
