<?xml version="1.0" encoding="UTF-8"?>
<!-- Generated by org.testng.reporters.JUnitReportReporter -->
<testsuite hostname="DESKTOP-IIOPE3V" failures="0" tests="2" name="test.java.DeleteAccount" time="33.961" errors="0" timestamp="2022-06-21T16:50:13 KST" skipped="0">
  <testcase classname="test.java.DeleteAccount" name="scenario_01_facebookLogin" time="23.185"/>
  <system-out/>
  <testcase classname="test.java.DeleteAccount" name="scenario_02_deleteAccount" time="10.776"/>
  <system-out/>
</testsuite> <!-- test.java.DeleteAccount -->
