<?xml version="1.0" encoding="UTF-8"?>
<!-- Generated by org.testng.reporters.JUnitReportReporter -->
<testsuite hostname="DESKTOP-IIOPE3V" failures="0" tests="17" name="test.java.Func_06_Setting" time="135.509" errors="0" timestamp="2022-06-24T17:17:48 KST" skipped="0">
  <testcase classname="test.java.Func_06_Setting" name="Setting_007_ProfileSetting" time="8.349"/>
  <system-out/>
  <testcase classname="test.java.Func_06_Setting" name="InGame_000_HomeBtn" time="29.761"/>
  <system-out/>
  <testcase classname="test.java.Func_06_Setting" name="Setting_003_MediaSetting_OnOffCamera" time="8.297"/>
  <system-out/>
  <testcase classname="test.java.Func_06_Setting" name="Setting_014_ProfileSetting_Nick_Normal" time="0.042"/>
  <system-out/>
  <testcase classname="test.java.Func_06_Setting" name="Setting_015_ProfileSetting_ADagree" time="8.220"/>
  <system-out/>
  <testcase classname="test.java.Func_06_Setting" name="Setting_005_MediaSetting_BG" time="6.354"/>
  <system-out/>
  <testcase classname="test.java.Func_06_Setting" name="Setting_010_ProfileSetting_Nick_1Text20" time="10.865"/>
  <system-out/>
  <testcase classname="test.java.Func_06_Setting" name="Setting_011_ProfileSetting_Nick_NotText" time="3.130"/>
  <system-out/>
  <testcase classname="test.java.Func_06_Setting" name="Setting_013_ProfileSetting_Nick_Clear" time="6.127"/>
  <system-out/>
  <testcase classname="test.java.Func_06_Setting" name="Setting_016_ProfileSetting_ReCheck" time="6.172"/>
  <system-out/>
  <testcase classname="test.java.Func_06_Setting" name="Setting_004_MediaSetting_Filter" time="8.366"/>
  <system-out/>
  <testcase classname="test.java.Func_06_Setting" name="Setting_001_MyMenu_MediaSetting" time="10.293"/>
  <system-out/>
  <testcase classname="test.java.Func_06_Setting" name="Setting_006_MediaSetting_Save" time="7.826"/>
  <system-out/>
  <testcase classname="test.java.Func_06_Setting" name="Setting_002_MediaSetting_OnOffMike" time="8.324"/>
  <system-out/>
  <testcase classname="test.java.Func_06_Setting" name="Setting_009_ProfileSetting_Nick_Xbtn" time="4.131"/>
  <system-out/>
  <testcase classname="test.java.Func_06_Setting" name="Setting_012_ProfileSetting_Nick_Duplicate" time="7.187"/>
  <system-out/>
  <testcase classname="test.java.Func_06_Setting" name="Setting_008_ProfileSetting_Nick_Guide" time="2.065"/>
  <system-out/>
</testsuite> <!-- test.java.Func_06_Setting -->
