<?xml version="1.0" encoding="UTF-8"?>
<!-- Generated by org.testng.reporters.JUnitReportReporter -->
<testsuite hostname="DESKTOP-POJBL9N" failures="0" tests="2" name="test.java.JoinAccount" time="0.000" errors="0" timestamp="2022-04-04T17:16:26 KST" skipped="2">
  <testcase classname="test.java.JoinAccount" name="scenario_01_facebookLogin" time="0.000">
    <skipped/>
  </testcase> <!-- scenario_01_facebookLogin -->
  <system-out/>
  <testcase classname="test.java.JoinAccount" name="scenario_02_joinAccount" time="0.000">
    <skipped/>
  </testcase> <!-- scenario_02_joinAccount -->
  <system-out/>
</testsuite> <!-- test.java.JoinAccount -->
