<?xml version="1.0" encoding="UTF-8"?>
<!-- Generated by org.testng.reporters.JUnitReportReporter -->
<testsuite hostname="DESKTOP-IIOPE3V" failures="0" tests="6" name="test.java.Func_07_MakeBlock" time="35.010" errors="0" timestamp="2022-07-07T17:46:46 KST" skipped="0">
  <testcase classname="test.java.Func_07_MakeBlock" name="MakeBlock_001_Enter" time="4.165"/>
  <system-out/>
  <testcase classname="test.java.Func_07_MakeBlock" name="MakeBlock_004_Preset_CheckBtn" time="0.024"/>
  <system-out/>
  <testcase classname="test.java.Func_07_MakeBlock" name="MakeBlock_006_Preset_Make" time="10.431"/>
  <system-out/>
  <testcase classname="test.java.Func_07_MakeBlock" name="MakeBlock_002_Preset" time="6.102"/>
  <system-out/>
  <testcase classname="test.java.Func_07_MakeBlock" name="MakeBlock_005_Preset_InputName" time="5.091"/>
  <system-out/>
  <testcase classname="test.java.Func_07_MakeBlock" name="MakeBlock_003_Preset_Check" time="9.197"/>
  <system-out/>
</testsuite> <!-- test.java.Func_07_MakeBlock -->
