<?xml version="1.0" encoding="UTF-8"?>
<!-- Generated by org.testng.reporters.JUnitReportReporter -->
<testsuite hostname="DESKTOP-IIOPE3V" failures="0" tests="13" name="test.java.Func_01_Home_Gnb" time="120.135" errors="0" timestamp="2022-07-01T17:19:55 KST" skipped="0">
  <testcase classname="test.java.Func_01_Home_Gnb" name="Home_002_Gnb_About_Start" time="4.665"/>
  <system-out/>
  <testcase classname="test.java.Func_01_Home_Gnb" name="Home_009_Gnb_MyMenu_MakeBlock" time="9.249"/>
  <system-out/>
  <testcase classname="test.java.Func_01_Home_Gnb" name="Home_003_Gnb_MainLogo" time="4.152"/>
  <system-out/>
  <testcase classname="test.java.Func_01_Home_Gnb" name="Home_007_Gnb_MyMenu_MyBlock" time="14.689"/>
  <system-out/>
  <testcase classname="test.java.Func_01_Home_Gnb" name="Home_012_Gnb_MyMenu_LogOut" time="8.419"/>
  <system-out/>
  <testcase classname="test.java.Func_01_Home_Gnb" name="Home_005_Gnb_Start" time="22.647"/>
  <system-out/>
  <testcase classname="test.java.Func_01_Home_Gnb" name="Home_011_Gnb_MyMenu_Setting" time="8.329"/>
  <system-out/>
  <testcase classname="test.java.Func_01_Home_Gnb" name="Home_010_Gnb_MyMenu_Character" time="8.390"/>
  <system-out/>
  <testcase classname="test.java.Func_01_Home_Gnb" name="Home_001_Gnb_About" time="4.750"/>
  <system-out/>
  <testcase classname="test.java.Func_01_Home_Gnb" name="Home_013_Gnb_MyMenu_LogOut_Complete" time="5.027"/>
  <system-out/>
  <testcase classname="test.java.Func_01_Home_Gnb" name="Home_008_Gnb_MyMenu_OwnBlock" time="9.437"/>
  <system-out/>
  <testcase classname="test.java.Func_01_Home_Gnb" name="Home_006_Gnb_MyMenu" time="4.141"/>
  <system-out/>
  <testcase classname="test.java.Func_01_Home_Gnb" name="Home_004_Gnb_CustormerCenter" time="16.240"/>
  <system-out/>
</testsuite> <!-- test.java.Func_01_Home_Gnb -->
