<?xml version="1.0" encoding="UTF-8"?>
<!-- Generated by org.testng.reporters.JUnitReportReporter -->
<testsuite hostname="DESKTOP-POJBL9N" failures="0" tests="2" name="test.java.JoinAccount" time="30.890" errors="0" timestamp="2022-04-21T18:39:19 KST" skipped="0">
  <testcase classname="test.java.JoinAccount" name="scenario_0001_facebookLogin" time="10.219"/>
  <system-out/>
  <testcase classname="test.java.JoinAccount" name="scenario_0002_joinAccount" time="20.671"/>
  <system-out/>
</testsuite> <!-- test.java.JoinAccount -->
