<?xml version="1.0" encoding="UTF-8"?>
<!-- Generated by org.testng.reporters.JUnitReportReporter -->
<testsuite hostname="DESKTOP-IIOPE3V" failures="0" tests="17" name="test.java.Func_06_Setting" time="202.955" errors="0" timestamp="2022-07-19T11:15:26 KST" skipped="0">
  <testcase classname="test.java.Func_06_Setting" name="Setting_003_MediaSetting_OnOffCamera" time="12.448"/>
  <system-out/>
  <testcase classname="test.java.Func_06_Setting" name="Setting_011_ProfileSetting_Nick_NotText" time="3.118"/>
  <system-out/>
  <testcase classname="test.java.Func_06_Setting" name="Setting_005_MediaSetting_BG" time="8.406"/>
  <system-out/>
  <testcase classname="test.java.Func_06_Setting" name="Setting_015_ProfileSetting_ADagree" time="14.267"/>
  <system-out/>
  <testcase classname="test.java.Func_06_Setting" name="Setting_014_ProfileSetting_Nick_Normal" time="2.065"/>
  <system-out/>
  <testcase classname="test.java.Func_06_Setting" name="Setting_006_MediaSetting_Save" time="11.598"/>
  <system-out/>
  <testcase classname="test.java.Func_06_Setting" name="InGame_000_HomeBtn" time="43.059"/>
  <system-out/>
  <testcase classname="test.java.Func_06_Setting" name="Setting_001_MyMenu_MediaSetting" time="14.881"/>
  <system-out/>
  <testcase classname="test.java.Func_06_Setting" name="Setting_013_ProfileSetting_Nick_Clear" time="8.168"/>
  <system-out/>
  <testcase classname="test.java.Func_06_Setting" name="Setting_004_MediaSetting_Filter" time="10.310"/>
  <system-out/>
  <testcase classname="test.java.Func_06_Setting" name="Setting_008_ProfileSetting_Nick_Guide" time="3.084"/>
  <system-out/>
  <testcase classname="test.java.Func_06_Setting" name="Setting_007_ProfileSetting" time="12.338"/>
  <system-out/>
  <testcase classname="test.java.Func_06_Setting" name="Setting_010_ProfileSetting_Nick_1Text20" time="14.945"/>
  <system-out/>
  <testcase classname="test.java.Func_06_Setting" name="Setting_002_MediaSetting_OnOffMike" time="12.454"/>
  <system-out/>
  <testcase classname="test.java.Func_06_Setting" name="Setting_016_ProfileSetting_ReCheck" time="16.397"/>
  <system-out/>
  <testcase classname="test.java.Func_06_Setting" name="Setting_009_ProfileSetting_Nick_Xbtn" time="6.174"/>
  <system-out/>
  <testcase classname="test.java.Func_06_Setting" name="Setting_012_ProfileSetting_Nick_Duplicate" time="9.243"/>
  <system-out/>
</testsuite> <!-- test.java.Func_06_Setting -->
