<?xml version="1.0" encoding="UTF-8"?>
<!-- Generated by org.testng.reporters.JUnitReportReporter -->
<testsuite hostname="DESKTOP-IIOPE3V" failures="0" tests="23" name="test.java.Func_05_InGame" time="128.351" errors="0" timestamp="2022-06-21T16:50:13 KST" skipped="0">
  <testcase classname="test.java.Func_05_InGame" name="InGame_018_OnOff_Chatting" time="8.377"/>
  <system-out/>
  <testcase classname="test.java.Func_05_InGame" name="InGame_013_Open_Minimap" time="4.167"/>
  <system-out/>
  <testcase classname="test.java.Func_05_InGame" name="InGame_011_SearchNickname" time="3.196"/>
  <system-out/>
  <testcase classname="test.java.Func_05_InGame" name="InGame_004_BlockTitle" time="2.071"/>
  <system-out/>
  <testcase classname="test.java.Func_05_InGame" name="InGame_009_User" time="0.027"/>
  <system-out/>
  <testcase classname="test.java.Func_05_InGame" name="InGame_010_MenuBtn" time="4.175"/>
  <system-out/>
  <testcase classname="test.java.Func_05_InGame" name="InGame_005_BlockFollow" time="4.204"/>
  <system-out/>
  <testcase classname="test.java.Func_05_InGame" name="InGame_014_Close_Minimap" time="4.118"/>
  <system-out/>
  <testcase classname="test.java.Func_05_InGame" name="InGame_017_AllChatting" time="1.363"/>
  <system-out/>
  <testcase classname="test.java.Func_05_InGame" name="InGame_021_ShareScreen" time="3.118"/>
  <system-out/>
  <testcase classname="test.java.Func_05_InGame" name="InGame_022_OnOff_Mike" time="8.174"/>
  <system-out/>
  <testcase classname="test.java.Func_05_InGame" name="InGame_002_MyMenu_Character" time="8.415"/>
  <system-out/>
  <testcase classname="test.java.Func_05_InGame" name="InGame_016_Close_Notice" time="14.160"/>
  <system-out/>
  <testcase classname="test.java.Func_05_InGame" name="InGame_003_MyMenu_Setting" time="8.516"/>
  <system-out/>
  <testcase classname="test.java.Func_05_InGame" name="InGame_001_HomeBtn" time="10.648"/>
  <system-out/>
  <testcase classname="test.java.Func_05_InGame" name="InGame_007_ZoomOut" time="2.125"/>
  <system-out/>
  <testcase classname="test.java.Func_05_InGame" name="InGame_012_CloseMenu" time="2.102"/>
  <system-out/>
  <testcase classname="test.java.Func_05_InGame" name="InGame_023_OnOff_Camera" time="8.201"/>
  <system-out/>
  <testcase classname="test.java.Func_05_InGame" name="InGame_020_Emoji" time="12.370"/>
  <system-out/>
  <testcase classname="test.java.Func_05_InGame" name="InGame_008_ZoomIn" time="2.103"/>
  <system-out/>
  <testcase classname="test.java.Func_05_InGame" name="InGame_015_Open_Notice" time="4.189"/>
  <system-out/>
  <testcase classname="test.java.Func_05_InGame" name="InGame_019_FilterEffect" time="6.386"/>
  <system-out/>
  <testcase classname="test.java.Func_05_InGame" name="InGame_006_BlockUnfollow" time="6.146"/>
  <system-out/>
</testsuite> <!-- test.java.Func_05_InGame -->
