<?xml version="1.0" encoding="UTF-8"?>
<!-- Generated by org.testng.reporters.JUnitReportReporter -->
<testsuite hostname="DESKTOP-POJBL9N" failures="0" tests="6" name="test.java.Func_Home_Gnb" time="21.147" errors="0" timestamp="2022-04-07T14:59:54 KST" skipped="0">
  <testcase classname="test.java.Func_Home_Gnb" name="Gnb_001_About" time="5.165"/>
  <system-out/>
  <testcase classname="test.java.Func_Home_Gnb" name="Gnb_002_About_Start" time="4.544"/>
  <system-out/>
  <testcase classname="test.java.Func_Home_Gnb" name="Gnb_009_Logo" time="2.120"/>
  <system-out/>
  <testcase classname="test.java.Func_Home_Gnb" name="Gnb_003_Guide" time="3.124"/>
  <system-out/>
  <testcase classname="test.java.Func_Home_Gnb" name="Gnb_005_Faq" time="3.108"/>
  <system-out/>
  <testcase classname="test.java.Func_Home_Gnb" name="Gnb_004_Notice" time="3.086"/>
  <system-out/>
</testsuite> <!-- test.java.Func_Home_Gnb -->
