<?xml version="1.0" encoding="UTF-8"?>
<!-- Generated by org.testng.reporters.JUnitReportReporter -->
<testsuite hostname="DESKTOP-IIOPE3V" failures="0" tests="5" name="test.java.Func_08_OwnBlock_Setting" time="52.284" errors="0" timestamp="2022-06-30T11:25:14 KST" skipped="0">
  <testcase classname="test.java.Func_08_OwnBlock_Setting" name="OBSetting_004_Change_Thumbnail" time="6.194"/>
  <system-out/>
  <testcase classname="test.java.Func_08_OwnBlock_Setting" name="Home_000_Login" time="23.496"/>
  <system-out/>
  <testcase classname="test.java.Func_08_OwnBlock_Setting" name="OBSetting_001_Enter" time="14.055"/>
  <system-out/>
  <testcase classname="test.java.Func_08_OwnBlock_Setting" name="OBSetting_002_Change_BlockName" time="5.332"/>
  <system-out/>
  <testcase classname="test.java.Func_08_OwnBlock_Setting" name="OBSetting_003_Change_Notice" time="3.207"/>
  <system-out/>
</testsuite> <!-- test.java.Func_08_OwnBlock_Setting -->
