<?xml version="1.0" encoding="UTF-8"?>
<!-- Generated by org.testng.reporters.JUnitReportReporter -->
<testsuite hostname="DESKTOP-IIOPE3V" failures="0" tests="2" name="test.java.DeleteAccount" time="52.140" errors="0" timestamp="2022-07-20T11:55:31 KST" skipped="0">
  <testcase classname="test.java.DeleteAccount" name="scenario_01_facebookLogin" time="28.763"/>
  <system-out/>
  <testcase classname="test.java.DeleteAccount" name="scenario_02_deleteAccount" time="23.377"/>
  <system-out/>
</testsuite> <!-- test.java.DeleteAccount -->
