<?xml version="1.0" encoding="UTF-8"?>
<!-- Generated by org.testng.reporters.JUnitReportReporter -->
<testsuite hostname="DESKTOP-IIOPE3V" failures="0" tests="11" name="test.java.Func_03_Character_Customization" time="98.733" errors="0" timestamp="2022-07-01T17:19:55 KST" skipped="0">
  <testcase classname="test.java.Func_03_Character_Customization" name="Character_010_Accessories" time="12.394"/>
  <system-out/>
  <testcase classname="test.java.Func_03_Character_Customization" name="Character_004_Top" time="9.371"/>
  <system-out/>
  <testcase classname="test.java.Func_03_Character_Customization" name="Character_009_Socks" time="5.138"/>
  <system-out/>
  <testcase classname="test.java.Func_03_Character_Customization" name="Character_001_MyMenu_Character" time="5.223"/>
  <system-out/>
  <testcase classname="test.java.Func_03_Character_Customization" name="Character_007_Cap" time="5.173"/>
  <system-out/>
  <testcase classname="test.java.Func_03_Character_Customization" name="Character_006_Bag" time="14.269"/>
  <system-out/>
  <testcase classname="test.java.Func_03_Character_Customization" name="Character_008_Shose" time="17.304"/>
  <system-out/>
  <testcase classname="test.java.Func_03_Character_Customization" name="Character_011_Save" time="6.158"/>
  <system-out/>
  <testcase classname="test.java.Func_03_Character_Customization" name="Character_002_Skin" time="5.183"/>
  <system-out/>
  <testcase classname="test.java.Func_03_Character_Customization" name="Character_003_Hair" time="7.241"/>
  <system-out/>
  <testcase classname="test.java.Func_03_Character_Customization" name="Character_005_Bottom" time="11.279"/>
  <system-out/>
</testsuite> <!-- test.java.Func_03_Character_Customization -->
