<?xml version="1.0" encoding="UTF-8"?>
<!-- Generated by org.testng.reporters.JUnitReportReporter -->
<testsuite hostname="DESKTOP-POJBL9N" failures="0" tests="2" name="test.DeleteAccount" time="29.782" errors="0" timestamp="2022-03-21T17:23:25 KST" skipped="0">
  <testcase classname="test.DeleteAccount" name="scenario_01_facebookLogin" time="18.448"/>
  <system-out/>
  <testcase classname="test.DeleteAccount" name="scenario_02_deleteAccount" time="11.334"/>
  <system-out/>
</testsuite> <!-- test.DeleteAccount -->
