<?xml version="1.0" encoding="UTF-8"?>
<!-- Generated by org.testng.reporters.JUnitReportReporter -->
<testsuite hostname="DESKTOP-IIOPE3V" failures="0" tests="10" name="test.java.Func_08_OwnBlock_Setting" time="144.971" errors="0" timestamp="2022-07-13T21:03:41 KST" skipped="0">
  <testcase classname="test.java.Func_08_OwnBlock_Setting" name="OBSetting_002_Change_BlockName" time="5.338"/>
  <system-out/>
  <testcase classname="test.java.Func_08_OwnBlock_Setting" name="OBSetting_004_Change_Thumbnail" time="4.188"/>
  <system-out/>
  <testcase classname="test.java.Func_08_OwnBlock_Setting" name="OBSetting_003_Change_Notice" time="3.243"/>
  <system-out/>
  <testcase classname="test.java.Func_08_OwnBlock_Setting" name="OBSetting_005_Public_On" time="6.228"/>
  <system-out/>
  <testcase classname="test.java.Func_08_OwnBlock_Setting" name="OBSetting_001_Enter" time="36.732"/>
  <system-out/>
  <testcase classname="test.java.Func_08_OwnBlock_Setting" name="OBSetting_006_PW_OnOff" time="10.275"/>
  <system-out/>
  <testcase classname="test.java.Func_08_OwnBlock_Setting" name="Home_000_Login" time="28.619"/>
  <system-out/>
  <testcase classname="test.java.Func_08_OwnBlock_Setting" name="OBSetting_009_Close" time="32.807"/>
  <system-out/>
  <testcase classname="test.java.Func_08_OwnBlock_Setting" name="OBSetting_007_Hide_OnOff" time="6.124"/>
  <system-out/>
  <testcase classname="test.java.Func_08_OwnBlock_Setting" name="OBSetting_008_Save" time="11.417"/>
  <system-out/>
</testsuite> <!-- test.java.Func_08_OwnBlock_Setting -->
