<?xml version="1.0" encoding="UTF-8"?>
<!-- Generated by org.testng.reporters.JUnitReportReporter -->
<testsuite hostname="DESKTOP-IIOPE3V" failures="0" tests="16" name="test.java.Func_06_Setting" time="120.323" errors="0" timestamp="2022-07-07T17:46:46 KST" skipped="0">
  <testcase classname="test.java.Func_06_Setting" name="Setting_001_MyMenu_MediaSetting" time="8.359"/>
  <system-out/>
  <testcase classname="test.java.Func_06_Setting" name="Setting_005_MediaSetting_BG" time="6.496"/>
  <system-out/>
  <testcase classname="test.java.Func_06_Setting" name="Setting_007_ProfileSetting" time="10.261"/>
  <system-out/>
  <testcase classname="test.java.Func_06_Setting" name="Setting_011_ProfileSetting_Nick_NotText" time="3.119"/>
  <system-out/>
  <testcase classname="test.java.Func_06_Setting" name="Setting_002_MediaSetting_OnOffMike" time="8.345"/>
  <system-out/>
  <testcase classname="test.java.Func_06_Setting" name="Setting_009_ProfileSetting_Nick_Xbtn" time="4.161"/>
  <system-out/>
  <testcase classname="test.java.Func_06_Setting" name="Setting_003_MediaSetting_OnOffCamera" time="8.210"/>
  <system-out/>
  <testcase classname="test.java.Func_06_Setting" name="Setting_013_ProfileSetting_Nick_Clear" time="6.130"/>
  <system-out/>
  <testcase classname="test.java.Func_06_Setting" name="Setting_015_ProfileSetting_ADagree" time="12.267"/>
  <system-out/>
  <testcase classname="test.java.Func_06_Setting" name="Setting_010_ProfileSetting_Nick_1Text20" time="10.586"/>
  <system-out/>
  <testcase classname="test.java.Func_06_Setting" name="Setting_006_MediaSetting_Save" time="9.596"/>
  <system-out/>
  <testcase classname="test.java.Func_06_Setting" name="Setting_016_ProfileSetting_ReCheck" time="12.311"/>
  <system-out/>
  <testcase classname="test.java.Func_06_Setting" name="Setting_004_MediaSetting_Filter" time="8.184"/>
  <system-out/>
  <testcase classname="test.java.Func_06_Setting" name="Setting_014_ProfileSetting_Nick_Normal" time="2.046"/>
  <system-out/>
  <testcase classname="test.java.Func_06_Setting" name="Setting_012_ProfileSetting_Nick_Duplicate" time="7.182"/>
  <system-out/>
  <testcase classname="test.java.Func_06_Setting" name="Setting_008_ProfileSetting_Nick_Guide" time="3.070"/>
  <system-out/>
</testsuite> <!-- test.java.Func_06_Setting -->
