<?xml version="1.0" encoding="UTF-8"?>
<!-- Generated by org.testng.reporters.JUnitReportReporter -->
<testsuite hostname="DESKTOP-POJBL9N" failures="0" tests="2" name="test.java.DeleteAccount" time="33.494" errors="0" timestamp="2022-04-21T18:39:19 KST" skipped="0">
  <testcase classname="test.java.DeleteAccount" name="scenario_01_facebookLogin" time="23.128"/>
  <system-out/>
  <testcase classname="test.java.DeleteAccount" name="scenario_02_deleteAccount" time="10.366"/>
  <system-out/>
</testsuite> <!-- test.java.DeleteAccount -->
