<?xml version="1.0" encoding="UTF-8"?>
<!-- Generated by org.testng.reporters.JUnitReportReporter -->
<testsuite hostname="DESKTOP-IIOPE3V" failures="0" tests="13" name="test.java.Func_01_Home_Gnb" time="201.510" errors="0" timestamp="2022-07-19T10:08:53 KST" skipped="0">
  <testcase classname="test.java.Func_01_Home_Gnb" name="Home_004_Gnb_CustormerCenter" time="18.321"/>
  <system-out/>
  <testcase classname="test.java.Func_01_Home_Gnb" name="Home_011_Gnb_MyMenu_Setting" time="14.353"/>
  <system-out/>
  <testcase classname="test.java.Func_01_Home_Gnb" name="Home_002_Gnb_About_Start" time="6.697"/>
  <system-out/>
  <testcase classname="test.java.Func_01_Home_Gnb" name="Home_003_Gnb_MainLogo" time="6.208"/>
  <system-out/>
  <testcase classname="test.java.Func_01_Home_Gnb" name="Home_013_Gnb_MyMenu_LogOut_Complete" time="6.806"/>
  <system-out/>
  <testcase classname="test.java.Func_01_Home_Gnb" name="Home_010_Gnb_MyMenu_Character" time="14.374"/>
  <system-out/>
  <testcase classname="test.java.Func_01_Home_Gnb" name="Home_008_Gnb_MyMenu_OwnBlock" time="13.323"/>
  <system-out/>
  <testcase classname="test.java.Func_01_Home_Gnb" name="Home_005_Gnb_Start" time="14.309"/>
  <system-out/>
  <testcase classname="test.java.Func_01_Home_Gnb" name="Home_012_Gnb_MyMenu_LogOut" time="14.337"/>
  <system-out/>
  <testcase classname="test.java.Func_01_Home_Gnb" name="Home_001_Gnb_About" time="56.448"/>
  <system-out/>
  <testcase classname="test.java.Func_01_Home_Gnb" name="Home_006_Gnb_MyMenu" time="6.195"/>
  <system-out/>
  <testcase classname="test.java.Func_01_Home_Gnb" name="Home_009_Gnb_MyMenu_MakeBlock" time="13.320"/>
  <system-out/>
  <testcase classname="test.java.Func_01_Home_Gnb" name="Home_007_Gnb_MyMenu_MyBlock" time="16.819"/>
  <system-out/>
</testsuite> <!-- test.java.Func_01_Home_Gnb -->
