<?xml version="1.0" encoding="UTF-8"?>
<!-- Generated by org.testng.reporters.JUnitReportReporter -->
<testsuite hostname="DESKTOP-IIOPE3V" failures="0" tests="4" name="test.java.Func_04_InGame" time="59.130" errors="0" timestamp="2022-06-16T20:26:26 KST" skipped="0">
  <testcase classname="test.java.Func_04_InGame" name="Home_001_InGame_HomeBtn" time="40.072"/>
  <system-out/>
  <testcase classname="test.java.Func_04_InGame" name="Home_003_InGame_MyMenu_Setting" time="8.507"/>
  <system-out/>
  <testcase classname="test.java.Func_04_InGame" name="Home_004_InGame_BlockTitle" time="2.068"/>
  <system-out/>
  <testcase classname="test.java.Func_04_InGame" name="Home_002_InGame_MyMenu_Character" time="8.483"/>
  <system-out/>
</testsuite> <!-- test.java.Func_04_InGame -->
