<?xml version="1.0" encoding="UTF-8"?>
<!-- Generated by org.testng.reporters.JUnitReportReporter -->
<testsuite hostname="DESKTOP-IIOPE3V" failures="0" tests="23" name="test.java.Func_05_InGame" time="147.162" errors="0" timestamp="2022-07-07T17:46:46 KST" skipped="0">
  <testcase classname="test.java.Func_05_InGame" name="InGame_008_ZoomIn" time="2.147"/>
  <system-out/>
  <testcase classname="test.java.Func_05_InGame" name="InGame_022_OnOff_Mike" time="8.227"/>
  <system-out/>
  <testcase classname="test.java.Func_05_InGame" name="InGame_012_CloseMenu" time="2.101"/>
  <system-out/>
  <testcase classname="test.java.Func_05_InGame" name="InGame_002_MyMenu_Character" time="10.676"/>
  <system-out/>
  <testcase classname="test.java.Func_05_InGame" name="InGame_004_BlockTitle" time="2.084"/>
  <system-out/>
  <testcase classname="test.java.Func_05_InGame" name="InGame_010_MenuBtn" time="4.223"/>
  <system-out/>
  <testcase classname="test.java.Func_05_InGame" name="InGame_001_HomeBtn" time="11.487"/>
  <system-out/>
  <testcase classname="test.java.Func_05_InGame" name="InGame_016_Close_Notice" time="14.251"/>
  <system-out/>
  <testcase classname="test.java.Func_05_InGame" name="InGame_005_BlockFollow" time="10.243"/>
  <system-out/>
  <testcase classname="test.java.Func_05_InGame" name="InGame_013_Open_Minimap" time="4.164"/>
  <system-out/>
  <testcase classname="test.java.Func_05_InGame" name="InGame_015_Open_Notice" time="4.177"/>
  <system-out/>
  <testcase classname="test.java.Func_05_InGame" name="InGame_006_BlockUnfollow" time="10.188"/>
  <system-out/>
  <testcase classname="test.java.Func_05_InGame" name="InGame_011_SearchNickname" time="3.182"/>
  <system-out/>
  <testcase classname="test.java.Func_05_InGame" name="InGame_021_ShareScreen" time="3.133"/>
  <system-out/>
  <testcase classname="test.java.Func_05_InGame" name="InGame_020_Emoji" time="12.441"/>
  <system-out/>
  <testcase classname="test.java.Func_05_InGame" name="InGame_023_OnOff_Camera" time="10.235"/>
  <system-out/>
  <testcase classname="test.java.Func_05_InGame" name="InGame_007_ZoomOut" time="2.149"/>
  <system-out/>
  <testcase classname="test.java.Func_05_InGame" name="InGame_017_AllChatting" time="1.318"/>
  <system-out/>
  <testcase classname="test.java.Func_05_InGame" name="InGame_014_Close_Minimap" time="4.121"/>
  <system-out/>
  <testcase classname="test.java.Func_05_InGame" name="InGame_019_FilterEffect" time="6.492"/>
  <system-out/>
  <testcase classname="test.java.Func_05_InGame" name="InGame_003_MyMenu_Setting" time="10.612"/>
  <system-out/>
  <testcase classname="test.java.Func_05_InGame" name="InGame_009_User" time="0.030"/>
  <system-out/>
  <testcase classname="test.java.Func_05_InGame" name="InGame_018_OnOff_Chatting" time="9.481"/>
  <system-out/>
</testsuite> <!-- test.java.Func_05_InGame -->
