<?xml version="1.0" encoding="UTF-8"?>
<!-- Generated by org.testng.reporters.JUnitReportReporter -->
<testsuite hostname="DESKTOP-IIOPE3V" failures="0" tests="11" name="test.java.Func_03_Character_Customization" time="118.312" errors="0" timestamp="2022-07-07T17:46:46 KST" skipped="0">
  <testcase classname="test.java.Func_03_Character_Customization" name="Character_001_MyMenu_Character" time="7.190"/>
  <system-out/>
  <testcase classname="test.java.Func_03_Character_Customization" name="Character_007_Cap" time="7.138"/>
  <system-out/>
  <testcase classname="test.java.Func_03_Character_Customization" name="Character_003_Hair" time="9.251"/>
  <system-out/>
  <testcase classname="test.java.Func_03_Character_Customization" name="Character_009_Socks" time="7.122"/>
  <system-out/>
  <testcase classname="test.java.Func_03_Character_Customization" name="Character_006_Bag" time="16.280"/>
  <system-out/>
  <testcase classname="test.java.Func_03_Character_Customization" name="Character_005_Bottom" time="13.275"/>
  <system-out/>
  <testcase classname="test.java.Func_03_Character_Customization" name="Character_008_Shose" time="19.201"/>
  <system-out/>
  <testcase classname="test.java.Func_03_Character_Customization" name="Character_010_Accessories" time="14.301"/>
  <system-out/>
  <testcase classname="test.java.Func_03_Character_Customization" name="Character_002_Skin" time="5.166"/>
  <system-out/>
  <testcase classname="test.java.Func_03_Character_Customization" name="Character_004_Top" time="9.240"/>
  <system-out/>
  <testcase classname="test.java.Func_03_Character_Customization" name="Character_011_Save" time="10.148"/>
  <system-out/>
</testsuite> <!-- test.java.Func_03_Character_Customization -->
