<?xml version="1.0" encoding="UTF-8"?>
<!-- Generated by org.testng.reporters.JUnitReportReporter -->
<testsuite hostname="DESKTOP-IIOPE3V" failures="0" tests="11" name="test.java.Func_03_Character_Customization" time="112.251" errors="0" timestamp="2022-06-21T16:50:13 KST" skipped="0">
  <testcase classname="test.java.Func_03_Character_Customization" name="Character_007_Cap" time="6.141"/>
  <system-out/>
  <testcase classname="test.java.Func_03_Character_Customization" name="Character_004_Top" time="10.211"/>
  <system-out/>
  <testcase classname="test.java.Func_03_Character_Customization" name="Character_011_Save" time="8.164"/>
  <system-out/>
  <testcase classname="test.java.Func_03_Character_Customization" name="Character_008_Shose" time="18.255"/>
  <system-out/>
  <testcase classname="test.java.Func_03_Character_Customization" name="Character_006_Bag" time="16.284"/>
  <system-out/>
  <testcase classname="test.java.Func_03_Character_Customization" name="Character_009_Socks" time="6.141"/>
  <system-out/>
  <testcase classname="test.java.Func_03_Character_Customization" name="Character_005_Bottom" time="12.249"/>
  <system-out/>
  <testcase classname="test.java.Func_03_Character_Customization" name="Character_003_Hair" time="8.225"/>
  <system-out/>
  <testcase classname="test.java.Func_03_Character_Customization" name="Character_001_MyMenu_Character" time="4.148"/>
  <system-out/>
  <testcase classname="test.java.Func_03_Character_Customization" name="Character_002_Skin" time="6.150"/>
  <system-out/>
  <testcase classname="test.java.Func_03_Character_Customization" name="Character_010_Accessories" time="16.283"/>
  <system-out/>
</testsuite> <!-- test.java.Func_03_Character_Customization -->
