<?xml version="1.0" encoding="UTF-8"?>
<!-- Generated by org.testng.reporters.JUnitReportReporter -->
<testsuite hostname="DESKTOP-IIOPE3V" failures="0" tests="8" name="test.java.Func_02_Home_Middle" time="179.817" errors="0" timestamp="2022-07-13T22:35:29 KST" skipped="0">
  <testcase classname="test.java.Func_02_Home_Middle" name="Home_008_Middle_LineBanner" time="23.471"/>
  <system-out/>
  <testcase classname="test.java.Func_02_Home_Middle" name="Home_006_Middle_Make_Block" time="9.208"/>
  <system-out/>
  <testcase classname="test.java.Func_02_Home_Middle" name="Home_002_Middle_Banner_Top" time="43.157"/>
  <system-out/>
  <testcase classname="test.java.Func_02_Home_Middle" name="Home_005_Middle_MyBlock_Enter" time="9.426"/>
  <system-out/>
  <testcase classname="test.java.Func_02_Home_Middle" name="Home_007_Middle_Join_Block" time="9.346"/>
  <system-out/>
  <testcase classname="test.java.Func_02_Home_Middle" name="Home_004_Middle_MyBlock_Star" time="2.081"/>
  <system-out/>
  <testcase classname="test.java.Func_02_Home_Middle" name="Home_001_Middle_Banner_Logout" time="76.835"/>
  <system-out/>
  <testcase classname="test.java.Func_02_Home_Middle" name="Home_003_Middle_OwnBlock_Info" time="6.293"/>
  <system-out/>
</testsuite> <!-- test.java.Func_02_Home_Middle -->
