<?xml version="1.0" encoding="UTF-8"?>
<!-- Generated by org.testng.reporters.JUnitReportReporter -->
<testsuite hostname="DESKTOP-IIOPE3V" failures="0" tests="9" name="test.java.JoinAccount" time="52.598" errors="0" timestamp="2022-06-21T16:50:13 KST" skipped="0">
  <testcase classname="test.java.JoinAccount" name="Join_001_Login_Facebook" time="10.228"/>
  <system-out/>
  <testcase classname="test.java.JoinAccount" name="Join_005_Nickname_NotText" time="2.637"/>
  <system-out/>
  <testcase classname="test.java.JoinAccount" name="Join_004_Nickname_1Text20" time="10.857"/>
  <system-out/>
  <testcase classname="test.java.JoinAccount" name="Join_007_Nickname_Clear" time="4.080"/>
  <system-out/>
  <testcase classname="test.java.JoinAccount" name="Join_003_Nickname_GuideText" time="3.062"/>
  <system-out/>
  <testcase classname="test.java.JoinAccount" name="Join_008_Nickname_Normal" time="2.623"/>
  <system-out/>
  <testcase classname="test.java.JoinAccount" name="Join_002_Nickname_Placeholder" time="1.055"/>
  <system-out/>
  <testcase classname="test.java.JoinAccount" name="Join_006_Nickname_Duplicate" time="5.675"/>
  <system-out/>
  <testcase classname="test.java.JoinAccount" name="Join_009_Agree_Check" time="12.381"/>
  <system-out/>
</testsuite> <!-- test.java.JoinAccount -->
