<?xml version="1.0" encoding="UTF-8"?>
<!-- Generated by org.testng.reporters.JUnitReportReporter -->
<testsuite hostname="DESKTOP-IIOPE3V" failures="0" tests="4" name="test.java.Func_04_Home_Footer" time="15.644" errors="0" timestamp="2022-07-01T17:19:55 KST" skipped="0">
  <testcase classname="test.java.Func_04_Home_Footer" name="Home_002_Footer_Term" time="7.886"/>
  <system-out/>
  <testcase classname="test.java.Func_04_Home_Footer" name="Home_001_Footer_MailTo" time="0.048"/>
  <system-out/>
  <testcase classname="test.java.Func_04_Home_Footer" name="Home_003_Footer_Privacy" time="7.686"/>
  <system-out/>
  <testcase classname="test.java.Func_04_Home_Footer" name="Home_004_Footer_Address" time="0.024"/>
  <system-out/>
</testsuite> <!-- test.java.Func_04_Home_Footer -->
