<?xml version="1.0" encoding="UTF-8"?>
<!-- Generated by org.testng.reporters.JUnitReportReporter -->
<testsuite hostname="DESKTOP-IIOPE3V" failures="0" tests="9" name="test.java.Func_02_Home_Middle" time="117.314" errors="0" timestamp="2022-06-14T21:34:19 KST" skipped="0">
  <testcase classname="test.java.Func_02_Home_Middle" name="Home_007_Middle_Join_Block" time="6.325"/>
  <system-out/>
  <testcase classname="test.java.Func_02_Home_Middle" name="Home_004_Middle_MyBlock_Star" time="2.052"/>
  <system-out/>
  <testcase classname="test.java.Func_02_Home_Middle" name="Home_002_Middle_Banner_Top" time="17.127"/>
  <system-out/>
  <testcase classname="test.java.Func_02_Home_Middle" name="Home_001_Middle_Banner_Logout" time="56.053"/>
  <system-out/>
  <testcase classname="test.java.Func_02_Home_Middle" name="Home_003_Middle_OwnBlock_Info" time="6.106"/>
  <system-out/>
  <testcase classname="test.java.Func_02_Home_Middle" name="Home_005_Middle_MyBlock_Enter" time="6.306"/>
  <system-out/>
  <testcase classname="test.java.Func_02_Home_Middle" name="Home_008_Middle_LineBanner" time="10.783"/>
  <system-out/>
  <testcase classname="test.java.Func_02_Home_Middle" name="Home_009_Middle_Recommended_Block" time="6.390"/>
  <system-out/>
  <testcase classname="test.java.Func_02_Home_Middle" name="Home_006_Middle_Make_Block" time="6.172"/>
  <system-out/>
</testsuite> <!-- test.java.Func_02_Home_Middle -->
