<?xml version="1.0" encoding="UTF-8"?>
<!-- Generated by org.testng.reporters.JUnitReportReporter -->
<testsuite hostname="DESKTOP-IIOPE3V" failures="0" tests="9" name="test.java.Func_02_Home_Middle" time="117.424" errors="0" timestamp="2022-06-20T16:29:58 KST" skipped="0">
  <testcase classname="test.java.Func_02_Home_Middle" name="Home_006_Middle_Make_Block" time="6.148"/>
  <system-out/>
  <testcase classname="test.java.Func_02_Home_Middle" name="Home_001_Middle_Banner_Logout" time="56.197"/>
  <system-out/>
  <testcase classname="test.java.Func_02_Home_Middle" name="Home_004_Middle_MyBlock_Star" time="2.071"/>
  <system-out/>
  <testcase classname="test.java.Func_02_Home_Middle" name="Home_005_Middle_MyBlock_Enter" time="6.300"/>
  <system-out/>
  <testcase classname="test.java.Func_02_Home_Middle" name="Home_008_Middle_LineBanner" time="10.790"/>
  <system-out/>
  <testcase classname="test.java.Func_02_Home_Middle" name="Home_009_Middle_Recommended_Block" time="6.392"/>
  <system-out/>
  <testcase classname="test.java.Func_02_Home_Middle" name="Home_002_Middle_Banner_Top" time="17.038"/>
  <system-out/>
  <testcase classname="test.java.Func_02_Home_Middle" name="Home_007_Middle_Join_Block" time="6.275"/>
  <system-out/>
  <testcase classname="test.java.Func_02_Home_Middle" name="Home_003_Middle_OwnBlock_Info" time="6.213"/>
  <system-out/>
</testsuite> <!-- test.java.Func_02_Home_Middle -->
