<?xml version="1.0" encoding="UTF-8"?>
<!-- Generated by org.testng.reporters.JUnitReportReporter -->
<testsuite hostname="DESKTOP-IIOPE3V" failures="0" tests="9" name="test.java.JoinAccount" time="89.727" errors="0" timestamp="2022-07-20T11:04:54 KST" skipped="0">
  <testcase classname="test.java.JoinAccount" name="Join_008_Nickname_Normal" time="2.656"/>
  <system-out/>
  <testcase classname="test.java.JoinAccount" name="Join_001_Login_Facebook" time="28.808"/>
  <system-out/>
  <testcase classname="test.java.JoinAccount" name="Join_007_Nickname_Clear" time="6.119"/>
  <system-out/>
  <testcase classname="test.java.JoinAccount" name="Join_003_Nickname_GuideText" time="3.102"/>
  <system-out/>
  <testcase classname="test.java.JoinAccount" name="Join_006_Nickname_Duplicate" time="7.731"/>
  <system-out/>
  <testcase classname="test.java.JoinAccount" name="Join_002_Nickname_Placeholder" time="1.061"/>
  <system-out/>
  <testcase classname="test.java.JoinAccount" name="Join_009_Agree_Check" time="22.553"/>
  <system-out/>
  <testcase classname="test.java.JoinAccount" name="Join_004_Nickname_1Text20" time="15.042"/>
  <system-out/>
  <testcase classname="test.java.JoinAccount" name="Join_005_Nickname_NotText" time="2.655"/>
  <system-out/>
</testsuite> <!-- test.java.JoinAccount -->
