<?xml version="1.0" encoding="UTF-8"?>
<!-- Generated by org.testng.reporters.JUnitReportReporter -->
<testsuite hostname="DESKTOP-IIOPE3V" failures="0" tests="23" name="test.java.Func_05_InGame" time="242.909" errors="0" timestamp="2022-07-22T10:49:40 KST" skipped="0">
  <testcase classname="test.java.Func_05_InGame" name="InGame_017_AllChatting" time="1.517"/>
  <system-out/>
  <testcase classname="test.java.Func_05_InGame" name="InGame_003_MyMenu_Setting" time="14.900"/>
  <system-out/>
  <testcase classname="test.java.Func_05_InGame" name="InGame_006_BlockUnfollow" time="12.338"/>
  <system-out/>
  <testcase classname="test.java.Func_05_InGame" name="InGame_010_MenuBtn" time="6.347"/>
  <system-out/>
  <testcase classname="test.java.Func_05_InGame" name="InGame_011_SearchNickname" time="3.310"/>
  <system-out/>
  <testcase classname="test.java.Func_05_InGame" name="InGame_018_OnOff_Chatting" time="13.683"/>
  <system-out/>
  <testcase classname="test.java.Func_05_InGame" name="InGame_019_FilterEffect" time="10.607"/>
  <system-out/>
  <testcase classname="test.java.Func_05_InGame" name="InGame_015_Open_Notice" time="6.297"/>
  <system-out/>
  <testcase classname="test.java.Func_05_InGame" name="InGame_013_Open_Minimap" time="6.326"/>
  <system-out/>
  <testcase classname="test.java.Func_05_InGame" name="InGame_023_OnOff_Camera" time="12.310"/>
  <system-out/>
  <testcase classname="test.java.Func_05_InGame" name="InGame_002_MyMenu_Character" time="18.447"/>
  <system-out/>
  <testcase classname="test.java.Func_05_InGame" name="InGame_008_ZoomIn" time="4.245"/>
  <system-out/>
  <testcase classname="test.java.Func_05_InGame" name="InGame_020_Emoji" time="20.645"/>
  <system-out/>
  <testcase classname="test.java.Func_05_InGame" name="InGame_001_HomeBtn" time="59.975"/>
  <system-out/>
  <testcase classname="test.java.Func_05_InGame" name="InGame_016_Close_Notice" time="6.209"/>
  <system-out/>
  <testcase classname="test.java.Func_05_InGame" name="InGame_004_BlockTitle" time="2.132"/>
  <system-out/>
  <testcase classname="test.java.Func_05_InGame" name="InGame_022_OnOff_Mike" time="12.385"/>
  <system-out/>
  <testcase classname="test.java.Func_05_InGame" name="InGame_005_BlockFollow" time="11.340"/>
  <system-out/>
  <testcase classname="test.java.Func_05_InGame" name="InGame_012_CloseMenu" time="4.168"/>
  <system-out/>
  <testcase classname="test.java.Func_05_InGame" name="InGame_009_User" time="0.064"/>
  <system-out/>
  <testcase classname="test.java.Func_05_InGame" name="InGame_021_ShareScreen" time="5.188"/>
  <system-out/>
  <testcase classname="test.java.Func_05_InGame" name="InGame_007_ZoomOut" time="4.238"/>
  <system-out/>
  <testcase classname="test.java.Func_05_InGame" name="InGame_014_Close_Minimap" time="6.238"/>
  <system-out/>
</testsuite> <!-- test.java.Func_05_InGame -->
