<?xml version="1.0" encoding="UTF-8"?>
<!-- Generated by org.testng.reporters.JUnitReportReporter -->
<testsuite hostname="DESKTOP-IIOPE3V" failures="0" tests="13" name="test.java.Func_01_Home_Gnb" time="113.644" errors="0" timestamp="2022-06-20T16:29:58 KST" skipped="0">
  <testcase classname="test.java.Func_01_Home_Gnb" name="Home_002_Gnb_About_Start" time="4.674"/>
  <system-out/>
  <testcase classname="test.java.Func_01_Home_Gnb" name="Home_005_Gnb_Start" time="10.191"/>
  <system-out/>
  <testcase classname="test.java.Func_01_Home_Gnb" name="Home_001_Gnb_About" time="16.912"/>
  <system-out/>
  <testcase classname="test.java.Func_01_Home_Gnb" name="Home_008_Gnb_MyMenu_OwnBlock" time="8.219"/>
  <system-out/>
  <testcase classname="test.java.Func_01_Home_Gnb" name="Home_007_Gnb_MyMenu_MyBlock" time="11.643"/>
  <system-out/>
  <testcase classname="test.java.Func_01_Home_Gnb" name="Home_011_Gnb_MyMenu_Setting" time="8.272"/>
  <system-out/>
  <testcase classname="test.java.Func_01_Home_Gnb" name="Home_004_Gnb_CustormerCenter" time="16.169"/>
  <system-out/>
  <testcase classname="test.java.Func_01_Home_Gnb" name="Home_013_Gnb_MyMenu_LogOut_Complete" time="4.525"/>
  <system-out/>
  <testcase classname="test.java.Func_01_Home_Gnb" name="Home_012_Gnb_MyMenu_LogOut" time="8.234"/>
  <system-out/>
  <testcase classname="test.java.Func_01_Home_Gnb" name="Home_006_Gnb_MyMenu" time="4.139"/>
  <system-out/>
  <testcase classname="test.java.Func_01_Home_Gnb" name="Home_003_Gnb_MainLogo" time="4.137"/>
  <system-out/>
  <testcase classname="test.java.Func_01_Home_Gnb" name="Home_010_Gnb_MyMenu_Character" time="8.307"/>
  <system-out/>
  <testcase classname="test.java.Func_01_Home_Gnb" name="Home_009_Gnb_MyMenu_MakeBlock" time="8.222"/>
  <system-out/>
</testsuite> <!-- test.java.Func_01_Home_Gnb -->
