<?xml version="1.0" encoding="UTF-8"?>
<!-- Generated by org.testng.reporters.JUnitReportReporter -->
<testsuite hostname="DESKTOP-POJBL9N" failures="0" tests="2" name="test.JoinAccount" time="46.940" errors="0" timestamp="2022-03-21T17:24:27 KST" skipped="0">
  <testcase classname="test.JoinAccount" name="scenario_01_facebookLogin" time="19.420"/>
  <system-out/>
  <testcase classname="test.JoinAccount" name="scenario_02_joinAccount" time="27.520"/>
  <system-out/>
</testsuite> <!-- test.JoinAccount -->
