<?xml version="1.0" encoding="UTF-8"?>
<!-- Generated by org.testng.reporters.JUnitReportReporter -->
<testsuite hostname="DESKTOP-IIOPE3V" failures="0" tests="23" name="test.java.Func_04_InGame" time="128.691" errors="0" timestamp="2022-06-20T16:29:58 KST" skipped="0">
  <testcase classname="test.java.Func_04_InGame" name="Home_012_InGame_CloseMenu" time="2.166"/>
  <system-out/>
  <testcase classname="test.java.Func_04_InGame" name="Home_010_InGame_MenuBtn" time="4.224"/>
  <system-out/>
  <testcase classname="test.java.Func_04_InGame" name="Home_006_InGame_BlockUnfollow" time="6.159"/>
  <system-out/>
  <testcase classname="test.java.Func_04_InGame" name="Home_020_InGame_Emoji" time="12.434"/>
  <system-out/>
  <testcase classname="test.java.Func_04_InGame" name="Home_021_InGame_ShareScreen" time="3.114"/>
  <system-out/>
  <testcase classname="test.java.Func_04_InGame" name="Home_022_InGame_OnOff_Mike" time="8.195"/>
  <system-out/>
  <testcase classname="test.java.Func_04_InGame" name="Home_011_InGame_SearchNickname" time="3.195"/>
  <system-out/>
  <testcase classname="test.java.Func_04_InGame" name="Home_016_InGame_Close_Notice" time="14.172"/>
  <system-out/>
  <testcase classname="test.java.Func_04_InGame" name="Home_003_InGame_MyMenu_Setting" time="8.551"/>
  <system-out/>
  <testcase classname="test.java.Func_04_InGame" name="Home_001_InGame_HomeBtn" time="10.654"/>
  <system-out/>
  <testcase classname="test.java.Func_04_InGame" name="Home_013_InGame_Open_Minimap" time="4.165"/>
  <system-out/>
  <testcase classname="test.java.Func_04_InGame" name="Home_005_InGame_BlockFollow" time="4.193"/>
  <system-out/>
  <testcase classname="test.java.Func_04_InGame" name="Home_019_InGame_FilterEffect" time="6.404"/>
  <system-out/>
  <testcase classname="test.java.Func_04_InGame" name="Home_014_InGame_Close_Minimap" time="4.151"/>
  <system-out/>
  <testcase classname="test.java.Func_04_InGame" name="Home_018_InGame_OnOff_Chatting" time="8.388"/>
  <system-out/>
  <testcase classname="test.java.Func_04_InGame" name="Home_004_InGame_BlockTitle" time="2.069"/>
  <system-out/>
  <testcase classname="test.java.Func_04_InGame" name="Home_007_InGame_ZoomOut" time="2.130"/>
  <system-out/>
  <testcase classname="test.java.Func_04_InGame" name="Home_002_InGame_MyMenu_Character" time="8.468"/>
  <system-out/>
  <testcase classname="test.java.Func_04_InGame" name="Home_017_InGame_AllChatting" time="1.307"/>
  <system-out/>
  <testcase classname="test.java.Func_04_InGame" name="Home_015_InGame_Open_Notice" time="4.175"/>
  <system-out/>
  <testcase classname="test.java.Func_04_InGame" name="Home_008_InGame_ZoomIn" time="2.123"/>
  <system-out/>
  <testcase classname="test.java.Func_04_InGame" name="Home_023_InGame_OnOff_Camera" time="8.212"/>
  <system-out/>
  <testcase classname="test.java.Func_04_InGame" name="Home_009_InGame_User" time="0.042"/>
  <system-out/>
</testsuite> <!-- test.java.Func_04_InGame -->
