<?xml version="1.0" encoding="UTF-8"?>
<!-- Generated by org.testng.reporters.JUnitReportReporter -->
<testsuite hostname="DESKTOP-IIOPE3V" failures="0" tests="2" name="test.java.DeleteAccount" time="43.692" errors="0" timestamp="2022-07-07T17:46:46 KST" skipped="0">
  <testcase classname="test.java.DeleteAccount" name="scenario_02_deleteAccount" time="17.093"/>
  <system-out/>
  <testcase classname="test.java.DeleteAccount" name="scenario_01_facebookLogin" time="26.599"/>
  <system-out/>
</testsuite> <!-- test.java.DeleteAccount -->
