<?xml version="1.0" encoding="UTF-8"?>
<!-- Generated by org.testng.reporters.JUnitReportReporter -->
<testsuite hostname="DESKTOP-POJBL9N" failures="0" tests="2" name="test.java.JoinAccount" time="46.984" errors="0" timestamp="2022-03-31T16:09:36 KST" skipped="0">
  <testcase classname="test.java.JoinAccount" name="scenario_01_facebookLogin" time="19.432"/>
  <system-out/>
  <testcase classname="test.java.JoinAccount" name="scenario_02_joinAccount" time="27.552"/>
  <system-out/>
</testsuite> <!-- test.java.JoinAccount -->
