<?xml version="1.0" encoding="UTF-8"?>
<!-- Generated by org.testng.reporters.JUnitReportReporter -->
<testsuite hostname="DESKTOP-POJBL9N" failures="0" tests="2" name="test.java.DeleteAccount" time="29.741" errors="0" timestamp="2022-03-31T16:09:36 KST" skipped="0">
  <testcase classname="test.java.DeleteAccount" name="scenario_02_deleteAccount" time="11.310"/>
  <system-out/>
  <testcase classname="test.java.DeleteAccount" name="scenario_01_facebookLogin" time="18.431"/>
  <system-out/>
</testsuite> <!-- test.java.DeleteAccount -->
