<?xml version="1.0" encoding="UTF-8"?>
<!-- Generated by org.testng.reporters.JUnitReportReporter -->
<testsuite hostname="DESKTOP-POJBL9N" failures="0" tests="2" name="test.java.DeleteAccount" time="29.736" errors="0" timestamp="2022-04-05T11:29:24 KST" skipped="0">
  <testcase classname="test.java.DeleteAccount" name="scenario_02_deleteAccount" time="11.300"/>
  <system-out/>
  <testcase classname="test.java.DeleteAccount" name="scenario_01_facebookLogin" time="18.436"/>
  <system-out/>
</testsuite> <!-- test.java.DeleteAccount -->
